Base path: C:/Program Files/Unity/Editor/Data
Cmd: getPlatforms
Cmd: disassembleShader
  api=15 insize=1698 outsize=3034 ok=1
Cmd: disassembleShader
  api=10 insize=1244 outsize=2085 ok=1
Cmd: disassembleShader
  api=10 insize=1988 outsize=3184 ok=1
Cmd: disassembleShader
  api=10 insize=1284 outsize=2179 ok=1
Cmd: disassembleShader
  api=10 insize=1244 outsize=2085 ok=1
Cmd: disassembleShader
  api=10 insize=1304 outsize=2162 ok=1
Cmd: disassembleShader
  api=10 insize=1320 outsize=2265 ok=1
Cmd: disassembleShader
  api=10 insize=1268 outsize=2127 ok=1
Cmd: disassembleShader
  api=10 insize=2024 outsize=3300 ok=1
Cmd: disassembleShader
  api=10 insize=1320 outsize=2265 ok=1
Cmd: disassembleShader
  api=10 insize=1268 outsize=2127 ok=1
Cmd: disassembleShader
  api=10 insize=1716 outsize=2887 ok=1
Cmd: disassembleShader
  api=10 insize=1532 outsize=2553 ok=1
Cmd: disassembleShader
  api=10 insize=1672 outsize=2794 ok=1
Cmd: disassembleShader
  api=10 insize=2424 outsize=3979 ok=1
Cmd: disassembleShader
  api=10 insize=1532 outsize=2553 ok=1
Cmd: disassembleShader
  api=10 insize=1672 outsize=2794 ok=1
Cmd: disassembleShader
  api=10 insize=1752 outsize=2948 ok=1
Cmd: disassembleShader
  api=10 insize=1568 outsize=2664 ok=1
Cmd: disassembleShader
  api=10 insize=1696 outsize=2836 ok=1
Cmd: disassembleShader
  api=10 insize=2460 outsize=4100 ok=1
Cmd: disassembleShader
  api=10 insize=1568 outsize=2664 ok=1
Cmd: disassembleShader
  api=10 insize=1696 outsize=2836 ok=1
Cmd: disassembleShader
  api=10 insize=1268 outsize=2081 ok=1
Cmd: disassembleShader
  api=10 insize=1284 outsize=2179 ok=1
Cmd: disassembleShader
  api=10 insize=1244 outsize=2085 ok=1
Cmd: disassembleShader
  api=10 insize=1988 outsize=3184 ok=1
Cmd: disassembleShader
  api=10 insize=1284 outsize=2179 ok=1
Cmd: disassembleShader
  api=10 insize=1244 outsize=2085 ok=1
Cmd: disassembleShader
  api=10 insize=1304 outsize=2162 ok=1
Cmd: disassembleShader
  api=10 insize=1320 outsize=2265 ok=1
Cmd: disassembleShader
  api=10 insize=1268 outsize=2127 ok=1
Cmd: disassembleShader
  api=10 insize=2024 outsize=3300 ok=1
Cmd: disassembleShader
  api=10 insize=1320 outsize=2265 ok=1
Cmd: disassembleShader
  api=10 insize=1268 outsize=2127 ok=1
Cmd: disassembleShader
  api=10 insize=1268 outsize=2081 ok=1
Cmd: disassembleShader
  api=10 insize=1284 outsize=2179 ok=1
Cmd: disassembleShader
  api=10 insize=1244 outsize=2085 ok=1
Cmd: disassembleShader
  api=10 insize=1988 outsize=3184 ok=1
Cmd: disassembleShader
  api=10 insize=1284 outsize=2179 ok=1
Cmd: disassembleShader
  api=10 insize=1244 outsize=2085 ok=1
Cmd: disassembleShader
  api=10 insize=1304 outsize=2162 ok=1
Cmd: disassembleShader
  api=10 insize=1320 outsize=2265 ok=1
Cmd: disassembleShader
  api=10 insize=1268 outsize=2127 ok=1
Cmd: disassembleShader
  api=10 insize=2024 outsize=3300 ok=1
Cmd: disassembleShader
  api=10 insize=1320 outsize=2265 ok=1
Cmd: disassembleShader
  api=10 insize=1268 outsize=2127 ok=1
Cmd: disassembleShader
  api=10 insize=1468 outsize=2513 ok=1
Cmd: disassembleShader
  api=10 insize=1284 outsize=2179 ok=1
Cmd: disassembleShader
  api=10 insize=1424 outsize=2420 ok=1
Cmd: disassembleShader
  api=10 insize=2188 outsize=3622 ok=1
Cmd: disassembleShader
  api=10 insize=1284 outsize=2179 ok=1
Cmd: disassembleShader
  api=10 insize=1424 outsize=2420 ok=1
Cmd: disassembleShader
  api=10 insize=1504 outsize=2549 ok=1
Cmd: disassembleShader
  api=10 insize=1320 outsize=2265 ok=1
Cmd: disassembleShader
  api=10 insize=1448 outsize=2462 ok=1
Cmd: disassembleShader
  api=10 insize=2224 outsize=3718 ok=1
Cmd: disassembleShader
  api=10 insize=1320 outsize=2265 ok=1
Cmd: disassembleShader
  api=10 insize=1448 outsize=2462 ok=1
Cmd: disassembleShader
  api=10 insize=1716 outsize=2887 ok=1
Cmd: disassembleShader
  api=10 insize=1532 outsize=2553 ok=1
Cmd: disassembleShader
  api=10 insize=1672 outsize=2794 ok=1
Cmd: disassembleShader
  api=10 insize=2424 outsize=3979 ok=1
Cmd: disassembleShader
  api=10 insize=1532 outsize=2553 ok=1
Cmd: disassembleShader
  api=10 insize=1672 outsize=2794 ok=1
Cmd: disassembleShader
  api=10 insize=1752 outsize=2948 ok=1
Cmd: disassembleShader
  api=10 insize=1568 outsize=2664 ok=1
Cmd: disassembleShader
  api=10 insize=1696 outsize=2836 ok=1
Cmd: disassembleShader
  api=10 insize=2460 outsize=4100 ok=1
Cmd: disassembleShader
  api=10 insize=1568 outsize=2664 ok=1
Cmd: disassembleShader
  api=10 insize=1696 outsize=2836 ok=1
Cmd: disassembleShader
  api=10 insize=1468 outsize=2513 ok=1
Cmd: disassembleShader
  api=10 insize=1284 outsize=2179 ok=1
Cmd: disassembleShader
  api=10 insize=1424 outsize=2420 ok=1
Cmd: disassembleShader
  api=10 insize=2188 outsize=3622 ok=1
Cmd: disassembleShader
  api=10 insize=1284 outsize=2179 ok=1
Cmd: disassembleShader
  api=10 insize=1424 outsize=2420 ok=1
Cmd: disassembleShader
  api=10 insize=1504 outsize=2549 ok=1
Cmd: disassembleShader
  api=10 insize=1320 outsize=2265 ok=1
Cmd: disassembleShader
  api=10 insize=1448 outsize=2462 ok=1
Cmd: disassembleShader
  api=10 insize=2224 outsize=3718 ok=1
Cmd: disassembleShader
  api=10 insize=1320 outsize=2265 ok=1
Cmd: disassembleShader
  api=10 insize=1448 outsize=2462 ok=1
Cmd: disassembleShader
  api=10 insize=1468 outsize=2513 ok=1
Cmd: disassembleShader
  api=10 insize=1284 outsize=2179 ok=1
Cmd: disassembleShader
  api=10 insize=1424 outsize=2420 ok=1
Cmd: disassembleShader
  api=10 insize=2188 outsize=3622 ok=1
Cmd: disassembleShader
  api=10 insize=1284 outsize=2179 ok=1
Cmd: disassembleShader
  api=10 insize=1424 outsize=2420 ok=1
Cmd: disassembleShader
  api=10 insize=1504 outsize=2549 ok=1
Cmd: disassembleShader
  api=10 insize=1320 outsize=2265 ok=1
Cmd: disassembleShader
  api=10 insize=1448 outsize=2462 ok=1
Cmd: disassembleShader
  api=10 insize=2224 outsize=3718 ok=1
Cmd: disassembleShader
  api=10 insize=1320 outsize=2265 ok=1
Cmd: disassembleShader
  api=10 insize=1448 outsize=2462 ok=1
Cmd: compileSnippet
  api=1 type=0 insize=1023 outsize=1716 kw=DIRECTIONAL _EMISSION _NORMALMAP _PARALLAXMAP pd=UNITY_ENABLE_REFLECTION_BUFFERS UNITY_PBS_USE_BRDF1 UNITY_SPECCUBE_BOX_PROJECTION UNITY_SPECCUBE_BLENDING SHADER_API_DESKTOP UNITY_COLORSPACE_GAMMA ok=1
Cmd: disassembleShader
  api=10 insize=1716 outsize=2887 ok=1
Cmd: compileSnippet
  api=1 type=0 insize=1023 outsize=1856 kw=DIRECTIONAL SHADOWS_SCREEN _EMISSION _NORMALMAP _PARALLAXMAP pd=UNITY_ENABLE_REFLECTION_BUFFERS UNITY_PBS_USE_BRDF1 UNITY_SPECCUBE_BOX_PROJECTION UNITY_SPECCUBE_BLENDING SHADER_API_DESKTOP UNITY_COLORSPACE_GAMMA ok=1
Cmd: disassembleShader
  api=10 insize=1856 outsize=3128 ok=1
Cmd: compileSnippet
  api=4 type=0 insize=1023 outsize=2550 kw=DIRECTIONAL SHADOWS_SCREEN DIRLIGHTMAP_COMBINED DYNAMICLIGHTMAP_ON _EMISSION _NORMALMAP _PARALLAXMAP pd=UNITY_ENABLE_REFLECTION_BUFFERS UNITY_PBS_USE_BRDF1 UNITY_SPECCUBE_BOX_PROJECTION UNITY_SPECCUBE_BLENDING SHADER_API_DESKTOP UNITY_COLORSPACE_GAMMA ok=1
Cmd: disassembleShader
  api=15 insize=2550 outsize=4235 ok=1
Cmd: compileSnippet
  api=4 type=0 insize=1023 outsize=2374 kw=DIRECTIONAL DYNAMICLIGHTMAP_ON _EMISSION VERTEXLIGHT_ON _NORMALMAP _PARALLAXMAP pd=UNITY_ENABLE_REFLECTION_BUFFERS UNITY_PBS_USE_BRDF1 UNITY_SPECCUBE_BOX_PROJECTION UNITY_SPECCUBE_BLENDING SHADER_API_DESKTOP UNITY_COLORSPACE_GAMMA ok=1
Cmd: disassembleShader
  api=15 insize=2374 outsize=3954 ok=1
Cmd: compileSnippet
  api=1 type=0 insize=1023 outsize=2564 kw=DIRECTIONAL SHADOWS_SCREEN _EMISSION VERTEXLIGHT_ON _NORMALMAP _PARALLAXMAP pd=UNITY_ENABLE_REFLECTION_BUFFERS UNITY_PBS_USE_BRDF1 UNITY_SPECCUBE_BOX_PROJECTION UNITY_SPECCUBE_BLENDING SHADER_API_DESKTOP UNITY_COLORSPACE_GAMMA ok=1
Cmd: disassembleShader
  api=10 insize=2564 outsize=4220 ok=1
Cmd: compileSnippet
  api=4 type=0 insize=1023 outsize=2550 kw=DIRECTIONAL SHADOWS_SCREEN DIRLIGHTMAP_COMBINED DYNAMICLIGHTMAP_ON _EMISSION VERTEXLIGHT_ON _NORMALMAP _PARALLAXMAP pd=UNITY_ENABLE_REFLECTION_BUFFERS UNITY_PBS_USE_BRDF1 UNITY_SPECCUBE_BOX_PROJECTION UNITY_SPECCUBE_BLENDING SHADER_API_DESKTOP UNITY_COLORSPACE_GAMMA ok=1
Cmd: disassembleShader
  api=15 insize=2550 outsize=4235 ok=1
Cmd: compileSnippet
  api=1 type=0 insize=1023 outsize=1568 kw=DIRECTIONAL DIRLIGHTMAP_COMBINED DYNAMICLIGHTMAP_ON FOG_EXP2 _EMISSION _NORMALMAP _PARALLAXMAP pd=UNITY_ENABLE_REFLECTION_BUFFERS UNITY_PBS_USE_BRDF1 UNITY_SPECCUBE_BOX_PROJECTION UNITY_SPECCUBE_BLENDING SHADER_API_DESKTOP UNITY_COLORSPACE_GAMMA ok=1
Cmd: disassembleShader
  api=10 insize=1568 outsize=2664 ok=1
Cmd: compileSnippet
  api=1 type=0 insize=1023 outsize=1696 kw=DIRECTIONAL SHADOWS_SCREEN DYNAMICLIGHTMAP_ON FOG_EXP2 _EMISSION _NORMALMAP _PARALLAXMAP pd=UNITY_ENABLE_REFLECTION_BUFFERS UNITY_PBS_USE_BRDF1 UNITY_SPECCUBE_BOX_PROJECTION UNITY_SPECCUBE_BLENDING SHADER_API_DESKTOP UNITY_COLORSPACE_GAMMA ok=1
Cmd: disassembleShader
  api=10 insize=1696 outsize=2836 ok=1
Cmd: compileSnippet
  api=1 type=0 insize=1023 outsize=2460 kw=DIRECTIONAL FOG_EXP2 _EMISSION VERTEXLIGHT_ON _NORMALMAP _PARALLAXMAP pd=UNITY_ENABLE_REFLECTION_BUFFERS UNITY_PBS_USE_BRDF1 UNITY_SPECCUBE_BOX_PROJECTION UNITY_SPECCUBE_BLENDING SHADER_API_DESKTOP UNITY_COLORSPACE_GAMMA ok=1
Cmd: disassembleShader
  api=10 insize=2460 outsize=4100 ok=1
Cmd: compileSnippet
  api=1 type=0 insize=1023 outsize=1568 kw=DIRECTIONAL DIRLIGHTMAP_COMBINED DYNAMICLIGHTMAP_ON FOG_EXP2 _EMISSION VERTEXLIGHT_ON _NORMALMAP _PARALLAXMAP pd=UNITY_ENABLE_REFLECTION_BUFFERS UNITY_PBS_USE_BRDF1 UNITY_SPECCUBE_BOX_PROJECTION UNITY_SPECCUBE_BLENDING SHADER_API_DESKTOP UNITY_COLORSPACE_GAMMA ok=1
Cmd: disassembleShader
  api=10 insize=1568 outsize=2664 ok=1
Cmd: compileSnippet
  api=1 type=0 insize=1023 outsize=1696 kw=DIRECTIONAL SHADOWS_SCREEN DYNAMICLIGHTMAP_ON FOG_EXP2 _EMISSION VERTEXLIGHT_ON _NORMALMAP _PARALLAXMAP pd=UNITY_ENABLE_REFLECTION_BUFFERS UNITY_PBS_USE_BRDF1 UNITY_SPECCUBE_BOX_PROJECTION UNITY_SPECCUBE_BLENDING SHADER_API_DESKTOP UNITY_COLORSPACE_GAMMA ok=1
Cmd: disassembleShader
  api=10 insize=1696 outsize=2836 ok=1
Cmd: compileSnippet
  api=1 type=0 insize=1023 outsize=1696 kw=DIRECTIONAL SHADOWS_SCREEN DIRLIGHTMAP_COMBINED DYNAMICLIGHTMAP_ON FOG_EXP2 _EMISSION VERTEXLIGHT_ON _NORMALMAP _PARALLAXMAP pd=UNITY_ENABLE_REFLECTION_BUFFERS UNITY_PBS_USE_BRDF1 UNITY_SPECCUBE_BOX_PROJECTION UNITY_SPECCUBE_BLENDING SHADER_API_DESKTOP UNITY_COLORSPACE_GAMMA ok=1
Cmd: disassembleShader
  api=10 insize=1696 outsize=2836 ok=1
Cmd: disassembleShader
  api=12 insize=3632 outsize=6721 ok=1
Cmd: disassembleShader
  api=17 insize=5250 outsize=7452 ok=1
Cmd: disassembleShader
  api=17 insize=5170 outsize=7424 ok=1
Cmd: disassembleShader
  api=17 insize=6366 outsize=9049 ok=1
Cmd: disassembleShader
  api=17 insize=5602 outsize=7952 ok=1
Cmd: disassembleShader
  api=17 insize=5522 outsize=7924 ok=1
Cmd: disassembleShader
  api=17 insize=6414 outsize=9092 ok=1
Cmd: disassembleShader
  api=17 insize=5650 outsize=7995 ok=1
Cmd: disassembleShader
  api=17 insize=5570 outsize=7967 ok=1
Cmd: disassembleShader
  api=17 insize=6766 outsize=9592 ok=1
Cmd: disassembleShader
  api=17 insize=6002 outsize=8495 ok=1
Cmd: disassembleShader
  api=17 insize=5922 outsize=8467 ok=1
Cmd: disassembleShader
  api=17 insize=6086 outsize=8701 ok=1
Cmd: disassembleShader
  api=17 insize=5322 outsize=7604 ok=1
Cmd: disassembleShader
  api=17 insize=5242 outsize=7573 ok=1
Cmd: disassembleShader
  api=17 insize=6438 outsize=9201 ok=1
Cmd: disassembleShader
  api=17 insize=5674 outsize=8104 ok=1
Cmd: disassembleShader
  api=17 insize=5594 outsize=8073 ok=1
Cmd: disassembleShader
  api=17 insize=6118 outsize=8734 ok=1
Cmd: disassembleShader
  api=17 insize=5354 outsize=7637 ok=1
Cmd: disassembleShader
  api=17 insize=5274 outsize=7609 ok=1
Cmd: disassembleShader
  api=17 insize=6470 outsize=9234 ok=1
Cmd: disassembleShader
  api=17 insize=5706 outsize=8137 ok=1
Cmd: disassembleShader
  api=17 insize=5626 outsize=8109 ok=1
Cmd: disassembleShader
  api=17 insize=6402 outsize=9149 ok=1
Cmd: disassembleShader
  api=17 insize=5638 outsize=8052 ok=1
Cmd: disassembleShader
  api=17 insize=5558 outsize=8024 ok=1
Cmd: disassembleShader
  api=17 insize=6754 outsize=9649 ok=1
Cmd: disassembleShader
  api=17 insize=5990 outsize=8552 ok=1
Cmd: disassembleShader
  api=17 insize=5910 outsize=8524 ok=1
Cmd: disassembleShader
  api=17 insize=6778 outsize=9644 ok=1
Cmd: disassembleShader
  api=12 insize=4456 outsize=8064 ok=1
Cmd: disassembleShader
  api=17 insize=5906 outsize=8487 ok=1
Cmd: disassembleShader
  api=17 insize=7130 outsize=10144 ok=1
Cmd: disassembleShader
  api=17 insize=6338 outsize=9015 ok=1
Cmd: disassembleShader
  api=17 insize=6258 outsize=8987 ok=1
Cmd: disassembleShader
  api=17 insize=6474 outsize=9301 ok=1
Cmd: disassembleShader
  api=17 insize=5710 outsize=8204 ok=1
Cmd: disassembleShader
  api=17 insize=5630 outsize=8173 ok=1
Cmd: disassembleShader
  api=17 insize=6826 outsize=9801 ok=1
Cmd: disassembleShader
  api=17 insize=6062 outsize=8704 ok=1
Cmd: disassembleShader
  api=17 insize=5982 outsize=8673 ok=1
Cmd: disassembleShader
  api=17 insize=6506 outsize=9334 ok=1
Cmd: disassembleShader
  api=17 insize=5742 outsize=8237 ok=1
Cmd: disassembleShader
  api=17 insize=5662 outsize=8209 ok=1
Cmd: disassembleShader
  api=17 insize=6858 outsize=9834 ok=1
Cmd: disassembleShader
  api=17 insize=6094 outsize=8737 ok=1
Cmd: disassembleShader
  api=17 insize=6014 outsize=8709 ok=1
Cmd: disassembleShader
  api=17 insize=6882 outsize=9829 ok=1
Cmd: compileSnippet
  api=1 type=1 insize=1023 outsize=4588 kw=DIRECTIONAL DIRLIGHTMAP_COMBINED DYNAMICLIGHTMAP_ON _EMISSION _NORMALMAP _PARALLAXMAP pd=UNITY_ENABLE_REFLECTION_BUFFERS UNITY_PBS_USE_BRDF1 UNITY_SPECCUBE_BOX_PROJECTION UNITY_SPECCUBE_BLENDING SHADER_API_DESKTOP UNITY_COLORSPACE_GAMMA ok=1
Cmd: disassembleShader
  api=12 insize=4588 outsize=8279 ok=1
Cmd: compileSnippet
  api=1 type=1 insize=1023 outsize=4452 kw=DIRECTIONAL SHADOWS_SCREEN DYNAMICLIGHTMAP_ON _EMISSION _NORMALMAP _PARALLAXMAP pd=UNITY_ENABLE_REFLECTION_BUFFERS UNITY_PBS_USE_BRDF1 UNITY_SPECCUBE_BOX_PROJECTION UNITY_SPECCUBE_BLENDING SHADER_API_DESKTOP UNITY_COLORSPACE_GAMMA ok=1
Cmd: disassembleShader
  api=12 insize=4452 outsize=8089 ok=1
Cmd: compileSnippet
  api=1 type=1 insize=1023 outsize=4580 kw=DIRECTIONAL FOG_EXP2 _EMISSION _NORMALMAP _PARALLAXMAP pd=UNITY_ENABLE_REFLECTION_BUFFERS UNITY_PBS_USE_BRDF1 UNITY_SPECCUBE_BOX_PROJECTION UNITY_SPECCUBE_BLENDING SHADER_API_DESKTOP UNITY_COLORSPACE_GAMMA ok=1
Cmd: disassembleShader
  api=12 insize=4580 outsize=8393 ok=1
Cmd: compileSnippet
  api=4 type=1 insize=1023 outsize=6442 kw=DIRECTIONAL DIRLIGHTMAP_COMBINED DYNAMICLIGHTMAP_ON FOG_EXP2 _EMISSION _NORMALMAP _PARALLAXMAP pd=UNITY_ENABLE_REFLECTION_BUFFERS UNITY_PBS_USE_BRDF1 UNITY_SPECCUBE_BOX_PROJECTION UNITY_SPECCUBE_BLENDING SHADER_API_DESKTOP UNITY_COLORSPACE_GAMMA ok=1
Cmd: disassembleShader
  api=17 insize=6442 outsize=9200 ok=1
Cmd: compileSnippet
  api=4 type=1 insize=1023 outsize=6362 kw=DIRECTIONAL SHADOWS_SCREEN DYNAMICLIGHTMAP_ON FOG_EXP2 _EMISSION _NORMALMAP _PARALLAXMAP pd=UNITY_ENABLE_REFLECTION_BUFFERS UNITY_PBS_USE_BRDF1 UNITY_SPECCUBE_BOX_PROJECTION UNITY_SPECCUBE_BLENDING SHADER_API_DESKTOP UNITY_COLORSPACE_GAMMA ok=1
Cmd: disassembleShader
  api=17 insize=6362 outsize=9172 ok=1
Cmd: disassembleShader
  api=10 insize=1072 outsize=1724 ok=1
Cmd: disassembleShader
  api=10 insize=1168 outsize=1918 ok=1
Cmd: disassembleShader
  api=10 insize=1316 outsize=2130 ok=1
Cmd: disassembleShader
  api=10 insize=1312 outsize=2130 ok=1
Cmd: disassembleShader
  api=10 insize=1236 outsize=2038 ok=1
Cmd: disassembleShader
  api=10 insize=1236 outsize=2038 ok=1
Cmd: disassembleShader
  api=10 insize=1204 outsize=2009 ok=1
Cmd: disassembleShader
  api=10 insize=1220 outsize=2027 ok=1
Cmd: disassembleShader
  api=10 insize=1208 outsize=1986 ok=1
Cmd: disassembleShader
  api=10 insize=1236 outsize=2001 ok=1
Cmd: disassembleShader
  api=10 insize=1272 outsize=2129 ok=1
Cmd: disassembleShader
  api=10 insize=1352 outsize=2221 ok=1
Cmd: disassembleShader
  api=10 insize=1272 outsize=2129 ok=1
Cmd: disassembleShader
  api=10 insize=1536 outsize=2519 ok=1
Cmd: disassembleShader
  api=10 insize=1632 outsize=2720 ok=1
Cmd: disassembleShader
  api=10 insize=1780 outsize=2941 ok=1
Cmd: disassembleShader
  api=10 insize=1776 outsize=2938 ok=1
Cmd: disassembleShader
  api=10 insize=1700 outsize=2846 ok=1
Cmd: disassembleShader
  api=10 insize=1700 outsize=2846 ok=1
Cmd: disassembleShader
  api=10 insize=1668 outsize=2816 ok=1
Cmd: disassembleShader
  api=10 insize=1684 outsize=2836 ok=1
Cmd: disassembleShader
  api=10 insize=1672 outsize=2793 ok=1
Cmd: disassembleShader
  api=10 insize=1700 outsize=2802 ok=1
Cmd: disassembleShader
  api=10 insize=1736 outsize=2942 ok=1
Cmd: disassembleShader
  api=10 insize=1816 outsize=3037 ok=1
Cmd: disassembleShader
  api=10 insize=1736 outsize=2942 ok=1
Cmd: disassembleShader
  api=10 insize=1072 outsize=1724 ok=1
Cmd: disassembleShader
  api=10 insize=1168 outsize=1918 ok=1
Cmd: disassembleShader
  api=10 insize=1316 outsize=2130 ok=1
Cmd: disassembleShader
  api=10 insize=1312 outsize=2130 ok=1
Cmd: disassembleShader
  api=10 insize=1236 outsize=2038 ok=1
Cmd: disassembleShader
  api=10 insize=1236 outsize=2038 ok=1
Cmd: disassembleShader
  api=10 insize=1204 outsize=2009 ok=1
Cmd: disassembleShader
  api=10 insize=1220 outsize=2027 ok=1
Cmd: disassembleShader
  api=10 insize=1208 outsize=1986 ok=1
Cmd: disassembleShader
  api=10 insize=1236 outsize=2001 ok=1
Cmd: disassembleShader
  api=10 insize=1272 outsize=2129 ok=1
Cmd: disassembleShader
  api=10 insize=1352 outsize=2221 ok=1
Cmd: disassembleShader
  api=10 insize=1272 outsize=2129 ok=1
Cmd: disassembleShader
  api=10 insize=1240 outsize=2060 ok=1
Cmd: disassembleShader
  api=10 insize=1336 outsize=2260 ok=1
Cmd: disassembleShader
  api=10 insize=1484 outsize=2479 ok=1
Cmd: disassembleShader
  api=10 insize=1480 outsize=2478 ok=1
Cmd: disassembleShader
  api=10 insize=1404 outsize=2386 ok=1
Cmd: disassembleShader
  api=10 insize=1404 outsize=2386 ok=1
Cmd: disassembleShader
  api=10 insize=1372 outsize=2356 ok=1
Cmd: disassembleShader
  api=10 insize=1388 outsize=2374 ok=1
Cmd: disassembleShader
  api=10 insize=1376 outsize=2333 ok=1
Cmd: disassembleShader
  api=10 insize=1404 outsize=2343 ok=1
Cmd: disassembleShader
  api=10 insize=1440 outsize=2482 ok=1
Cmd: disassembleShader
  api=10 insize=1520 outsize=2575 ok=1
Cmd: disassembleShader
  api=10 insize=1440 outsize=2482 ok=1
Cmd: disassembleShader
  api=10 insize=1536 outsize=2519 ok=1
Cmd: disassembleShader
  api=10 insize=1632 outsize=2720 ok=1
Cmd: disassembleShader
  api=10 insize=1780 outsize=2941 ok=1
Cmd: disassembleShader
  api=10 insize=1776 outsize=2938 ok=1
Cmd: disassembleShader
  api=10 insize=1700 outsize=2846 ok=1
Cmd: disassembleShader
  api=10 insize=1700 outsize=2846 ok=1
Cmd: disassembleShader
  api=10 insize=1668 outsize=2816 ok=1
Cmd: disassembleShader
  api=10 insize=1684 outsize=2836 ok=1
Cmd: disassembleShader
  api=10 insize=1672 outsize=2793 ok=1
Cmd: disassembleShader
  api=10 insize=1700 outsize=2802 ok=1
Cmd: disassembleShader
  api=10 insize=1736 outsize=2942 ok=1
Cmd: disassembleShader
  api=10 insize=1816 outsize=3037 ok=1
Cmd: disassembleShader
  api=10 insize=1736 outsize=2942 ok=1
Cmd: disassembleShader
  api=10 insize=1240 outsize=2060 ok=1
Cmd: disassembleShader
  api=10 insize=1336 outsize=2260 ok=1
Cmd: disassembleShader
  api=10 insize=1484 outsize=2479 ok=1
Cmd: disassembleShader
  api=10 insize=1480 outsize=2478 ok=1
Cmd: disassembleShader
  api=10 insize=1404 outsize=2386 ok=1
Cmd: disassembleShader
  api=10 insize=1404 outsize=2386 ok=1
Cmd: disassembleShader
  api=10 insize=1372 outsize=2356 ok=1
Cmd: disassembleShader
  api=10 insize=1388 outsize=2374 ok=1
Cmd: disassembleShader
  api=10 insize=1376 outsize=2333 ok=1
Cmd: disassembleShader
  api=10 insize=1404 outsize=2343 ok=1
Cmd: disassembleShader
  api=10 insize=1440 outsize=2482 ok=1
Cmd: disassembleShader
  api=10 insize=1520 outsize=2575 ok=1
Cmd: disassembleShader
  api=10 insize=1440 outsize=2482 ok=1
Cmd: disassembleShader
  api=12 insize=1696 outsize=3012 ok=1
Cmd: disassembleShader
  api=12 insize=1928 outsize=3350 ok=1
Cmd: disassembleShader
  api=12 insize=2160 outsize=3744 ok=1
Cmd: disassembleShader
  api=12 insize=1912 outsize=3355 ok=1
Cmd: disassembleShader
  api=12 insize=2264 outsize=3933 ok=1
Cmd: disassembleShader
  api=12 insize=2356 outsize=4109 ok=1
Cmd: disassembleShader
  api=12 insize=1956 outsize=3404 ok=1
Cmd: disassembleShader
  api=12 insize=2116 outsize=3652 ok=1
Cmd: disassembleShader
  api=12 insize=1928 outsize=3368 ok=1
Cmd: disassembleShader
  api=12 insize=1928 outsize=3387 ok=1
Cmd: disassembleShader
  api=12 insize=2276 outsize=3991 ok=1
Cmd: disassembleShader
  api=12 insize=2528 outsize=4312 ok=1
Cmd: disassembleShader
  api=12 insize=2560 outsize=4433 ok=1
Cmd: disassembleShader
  api=12 insize=2000 outsize=3474 ok=1
Cmd: disassembleShader
  api=12 insize=2232 outsize=3853 ok=1
Cmd: disassembleShader
  api=12 insize=2432 outsize=4154 ok=1
Cmd: disassembleShader
  api=12 insize=2220 outsize=3832 ok=1
Cmd: disassembleShader
  api=12 insize=2536 outsize=4367 ok=1
Cmd: disassembleShader
  api=12 insize=2640 outsize=4578 ok=1
Cmd: disassembleShader
  api=12 insize=2260 outsize=3910 ok=1
Cmd: disassembleShader
  api=12 insize=2384 outsize=4094 ok=1
Cmd: disassembleShader
  api=12 insize=2232 outsize=3844 ok=1
Cmd: disassembleShader
  api=12 insize=2236 outsize=3867 ok=1
Cmd: disassembleShader
  api=12 insize=2548 outsize=4416 ok=1
Cmd: disassembleShader
  api=12 insize=2800 outsize=4768 ok=1
Cmd: disassembleShader
  api=12 insize=2844 outsize=4910 ok=1
Cmd: disassembleShader
  api=12 insize=1756 outsize=3104 ok=1
Cmd: disassembleShader
  api=12 insize=1988 outsize=3430 ok=1
Cmd: disassembleShader
  api=12 insize=2224 outsize=3808 ok=1
Cmd: disassembleShader
  api=12 insize=1976 outsize=3412 ok=1
Cmd: disassembleShader
  api=12 insize=2328 outsize=3979 ok=1
Cmd: disassembleShader
  api=12 insize=2420 outsize=4164 ok=1
Cmd: disassembleShader
  api=12 insize=2016 outsize=3484 ok=1
Cmd: disassembleShader
  api=12 insize=2176 outsize=3731 ok=1
Cmd: disassembleShader
  api=12 insize=1988 outsize=3443 ok=1
Cmd: disassembleShader
  api=12 insize=1992 outsize=3444 ok=1
Cmd: disassembleShader
  api=12 insize=2340 outsize=4036 ok=1
Cmd: disassembleShader
  api=12 insize=2592 outsize=4371 ok=1
Cmd: disassembleShader
  api=12 insize=2624 outsize=4487 ok=1
Cmd: disassembleShader
  api=12 insize=1992 outsize=3502 ok=1
Cmd: disassembleShader
  api=12 insize=2224 outsize=3851 ok=1
Cmd: disassembleShader
  api=12 insize=2444 outsize=4200 ok=1
Cmd: disassembleShader
  api=12 insize=2208 outsize=3865 ok=1
Cmd: disassembleShader
  api=12 insize=2524 outsize=4355 ok=1
Cmd: disassembleShader
  api=12 insize=2616 outsize=4592 ok=1
Cmd: disassembleShader
  api=12 insize=2252 outsize=3910 ok=1
Cmd: disassembleShader
  api=12 insize=2400 outsize=4115 ok=1
Cmd: disassembleShader
  api=12 insize=2224 outsize=3878 ok=1
Cmd: disassembleShader
  api=12 insize=2224 outsize=3901 ok=1
Cmd: disassembleShader
  api=12 insize=2536 outsize=4400 ok=1
Cmd: disassembleShader
  api=12 insize=2812 outsize=4779 ok=1
Cmd: disassembleShader
  api=12 insize=2820 outsize=4916 ok=1
Cmd: disassembleShader
  api=12 insize=2236 outsize=3900 ok=1
Cmd: disassembleShader
  api=12 insize=2468 outsize=4246 ok=1
Cmd: disassembleShader
  api=12 insize=2692 outsize=4609 ok=1
Cmd: disassembleShader
  api=12 insize=2456 outsize=4263 ok=1
Cmd: disassembleShader
  api=12 insize=2796 outsize=4779 ok=1
Cmd: disassembleShader
  api=12 insize=2864 outsize=4984 ok=1
Cmd: disassembleShader
  api=12 insize=2496 outsize=4306 ok=1
Cmd: disassembleShader
  api=12 insize=2644 outsize=4523 ok=1
Cmd: disassembleShader
  api=12 insize=2468 outsize=4275 ok=1
Cmd: disassembleShader
  api=12 insize=2472 outsize=4302 ok=1
Cmd: disassembleShader
  api=12 insize=2808 outsize=4850 ok=1
Cmd: disassembleShader
  api=12 insize=3084 outsize=5225 ok=1
Cmd: disassembleShader
  api=12 insize=3068 outsize=5319 ok=1
Cmd: disassembleShader
  api=12 insize=2052 outsize=3616 ok=1
Cmd: disassembleShader
  api=12 insize=2284 outsize=3932 ok=1
Cmd: disassembleShader
  api=12 insize=2504 outsize=4276 ok=1
Cmd: disassembleShader
  api=12 insize=2272 outsize=3924 ok=1
Cmd: disassembleShader
  api=12 insize=2584 outsize=4428 ok=1
Cmd: disassembleShader
  api=12 insize=2676 outsize=4655 ok=1
Cmd: disassembleShader
  api=12 insize=2312 outsize=3987 ok=1
Cmd: disassembleShader
  api=12 insize=2460 outsize=4195 ok=1
Cmd: disassembleShader
  api=12 insize=2284 outsize=3955 ok=1
Cmd: disassembleShader
  api=12 insize=2288 outsize=3956 ok=1
Cmd: disassembleShader
  api=12 insize=2596 outsize=4488 ok=1
Cmd: disassembleShader
  api=12 insize=2872 outsize=4860 ok=1
Cmd: disassembleShader
  api=12 insize=2880 outsize=4979 ok=1
Cmd: disassembleShader
  api=10 insize=484 outsize=808 ok=1
Cmd: disassembleShader
  api=10 insize=484 outsize=808 ok=1
Cmd: disassembleShader
  api=10 insize=484 outsize=808 ok=1
Cmd: disassembleShader
  api=17 insize=350 outsize=907 ok=1
Cmd: disassembleShader
  api=12 insize=276 outsize=516 ok=1
Cmd: disassembleShader
  api=12 insize=276 outsize=516 ok=1
Cmd: disassembleShader
  api=10 insize=1716 outsize=2887 ok=1
Cmd: disassembleShader
  api=10 insize=1268 outsize=2081 ok=1
Cmd: disassembleShader
  api=10 insize=1716 outsize=2887 ok=1
Cmd: disassembleShader
  api=10 insize=1468 outsize=2513 ok=1
Cmd: disassembleShader
  api=10 insize=1104 outsize=1847 ok=1
Cmd: disassembleShader
  api=10 insize=1532 outsize=2553 ok=1
Cmd: disassembleShader
  api=10 insize=1104 outsize=1847 ok=1
Cmd: disassembleShader
  api=10 insize=1104 outsize=1847 ok=1
Cmd: disassembleShader
  api=10 insize=1284 outsize=2179 ok=1
Cmd: disassembleShader
  api=10 insize=1532 outsize=2553 ok=1
Cmd: disassembleShader
  api=10 insize=1284 outsize=2179 ok=1
Cmd: disassembleShader
  api=15 insize=1914 outsize=3399 ok=1
Cmd: disassembleShader
  api=15 insize=2054 outsize=3510 ok=1
Cmd: disassembleShader
  api=15 insize=2514 outsize=4065 ok=1
Cmd: disassembleShader
  api=15 insize=2054 outsize=3510 ok=1
Cmd: disassembleShader
  api=15 insize=2054 outsize=3510 ok=1
Cmd: disassembleShader
  api=15 insize=2054 outsize=3510 ok=1
Cmd: disassembleShader
  api=15 insize=2514 outsize=4065 ok=1
Cmd: disassembleShader
  api=10 insize=1468 outsize=2513 ok=1
Cmd: disassembleShader
  api=10 insize=1284 outsize=2179 ok=1
Cmd: disassembleShader
  api=10 insize=1532 outsize=2553 ok=1
Cmd: disassembleShader
  api=10 insize=1284 outsize=2179 ok=1
Cmd: disassembleShader
  api=10 insize=1284 outsize=2179 ok=1
Cmd: disassembleShader
  api=10 insize=1284 outsize=2179 ok=1
Cmd: disassembleShader
  api=10 insize=1532 outsize=2553 ok=1
Cmd: disassembleShader
  api=10 insize=1284 outsize=2179 ok=1
Cmd: disassembleShader
  api=10 insize=1284 outsize=2179 ok=1
Cmd: disassembleShader
  api=10 insize=1468 outsize=2513 ok=1
Cmd: disassembleShader
  api=10 insize=1716 outsize=2887 ok=1
Cmd: disassembleShader
  api=10 insize=1468 outsize=2513 ok=1
Cmd: disassembleShader
  api=10 insize=1468 outsize=2513 ok=1
Cmd: disassembleShader
  api=10 insize=1468 outsize=2513 ok=1
Cmd: disassembleShader
  api=10 insize=1716 outsize=2887 ok=1
Cmd: disassembleShader
  api=10 insize=1468 outsize=2513 ok=1
Cmd: disassembleShader
  api=15 insize=2054 outsize=3510 ok=1
Cmd: disassembleShader
  api=15 insize=1698 outsize=3034 ok=1
Cmd: disassembleShader
  api=15 insize=2514 outsize=4065 ok=1
Cmd: disassembleShader
  api=15 insize=1698 outsize=3034 ok=1
Cmd: disassembleShader
  api=15 insize=1698 outsize=3034 ok=1
Cmd: disassembleShader
  api=15 insize=2054 outsize=3510 ok=1
Cmd: disassembleShader
  api=15 insize=2514 outsize=4065 ok=1
Cmd: disassembleShader
  api=15 insize=2054 outsize=3510 ok=1
Cmd: compileSnippet
  api=1 type=0 insize=1152 outsize=1716 kw=_EMISSION UNITY_HDR_ON _NORMALMAP _PARALLAXMAP pd=UNITY_ENABLE_REFLECTION_BUFFERS UNITY_PBS_USE_BRDF1 UNITY_SPECCUBE_BOX_PROJECTION UNITY_SPECCUBE_BLENDING SHADER_API_DESKTOP UNITY_COLORSPACE_GAMMA ok=1
Cmd: disassembleShader
  api=10 insize=1716 outsize=2887 ok=1
Cmd: disassembleShader
  api=10 insize=1284 outsize=2179 ok=1
Cmd: disassembleShader
  api=10 insize=1468 outsize=2513 ok=1
Cmd: disassembleShader
  api=10 insize=1716 outsize=2887 ok=1
Cmd: disassembleShader
  api=10 insize=1468 outsize=2513 ok=1
Cmd: disassembleShader
  api=10 insize=1468 outsize=2513 ok=1
Cmd: disassembleShader
  api=10 insize=1468 outsize=2513 ok=1
Cmd: disassembleShader
  api=10 insize=1716 outsize=2887 ok=1
Cmd: disassembleShader
  api=10 insize=1468 outsize=2513 ok=1
Cmd: disassembleShader
  api=15 insize=2054 outsize=3510 ok=1
Cmd: disassembleShader
  api=15 insize=1914 outsize=3399 ok=1
Cmd: disassembleShader
  api=15 insize=2374 outsize=3954 ok=1
Cmd: disassembleShader
  api=15 insize=1914 outsize=3399 ok=1
Cmd: disassembleShader
  api=15 insize=1914 outsize=3399 ok=1
Cmd: disassembleShader
  api=15 insize=1914 outsize=3399 ok=1
Cmd: disassembleShader
  api=15 insize=2374 outsize=3954 ok=1
Cmd: disassembleShader
  api=15 insize=1914 outsize=3399 ok=1
Cmd: compileSnippet
  api=1 type=0 insize=1152 outsize=1532 kw=DIRLIGHTMAP_COMBINED DYNAMICLIGHTMAP_ON _EMISSION UNITY_HDR_ON _NORMALMAP _PARALLAXMAP pd=UNITY_ENABLE_REFLECTION_BUFFERS UNITY_PBS_USE_BRDF1 UNITY_SPECCUBE_BOX_PROJECTION UNITY_SPECCUBE_BLENDING SHADER_API_DESKTOP UNITY_COLORSPACE_GAMMA ok=1
Cmd: disassembleShader
  api=10 insize=1532 outsize=2553 ok=1
Cmd: disassembleShader
  api=15 insize=2054 outsize=3510 ok=1
Cmd: compileSnippet
  api=4 type=0 insize=1152 outsize=2514 kw=DIRLIGHTMAP_SEPARATE _EMISSION UNITY_HDR_ON _NORMALMAP _PARALLAXMAP pd=UNITY_ENABLE_REFLECTION_BUFFERS UNITY_PBS_USE_BRDF1 UNITY_SPECCUBE_BOX_PROJECTION UNITY_SPECCUBE_BLENDING SHADER_API_DESKTOP UNITY_COLORSPACE_GAMMA ok=1
Cmd: disassembleShader
  api=15 insize=2514 outsize=4065 ok=1
Cmd: disassembleShader
  api=17 insize=2866 outsize=4978 ok=1
Cmd: disassembleShader
  api=17 insize=2570 outsize=4620 ok=1
Cmd: disassembleShader
  api=17 insize=3230 outsize=5518 ok=1
Cmd: disassembleShader
  api=17 insize=2958 outsize=5220 ok=1
Cmd: disassembleShader
  api=17 insize=1442 outsize=2911 ok=1
Cmd: disassembleShader
  api=17 insize=1842 outsize=3454 ok=1
Cmd: disassembleShader
  api=17 insize=1506 outsize=3045 ok=1
Cmd: disassembleShader
  api=17 insize=1546 outsize=3096 ok=1
Cmd: disassembleShader
  api=17 insize=1830 outsize=3511 ok=1
Cmd: disassembleShader
  api=17 insize=2206 outsize=3994 ok=1
Cmd: disassembleShader
  api=17 insize=1894 outsize=3645 ok=1
Cmd: disassembleShader
  api=17 insize=1934 outsize=3696 ok=1
Cmd: compileSnippet
  api=4 type=1 insize=1152 outsize=2310 kw=DYNAMICLIGHTMAP_ON _EMISSION _NORMALMAP _PARALLAXMAP pd=UNITY_ENABLE_REFLECTION_BUFFERS UNITY_PBS_USE_BRDF1 UNITY_SPECCUBE_BOX_PROJECTION UNITY_SPECCUBE_BLENDING SHADER_API_DESKTOP UNITY_COLORSPACE_GAMMA ok=1
Cmd: disassembleShader
  api=17 insize=2310 outsize=4179 ok=1
Cmd: disassembleShader
  api=12 insize=1552 outsize=2724 ok=1
Cmd: disassembleShader
  api=12 insize=1256 outsize=2226 ok=1
Cmd: disassembleShader
  api=12 insize=1584 outsize=2811 ok=1
Cmd: disassembleShader
  api=12 insize=1320 outsize=2293 ok=1
Cmd: disassembleShader
  api=12 insize=1388 outsize=2436 ok=1
Cmd: disassembleShader
  api=12 insize=1576 outsize=2806 ok=1
Cmd: disassembleShader
  api=12 insize=1868 outsize=3246 ok=1
Cmd: disassembleShader
  api=12 insize=1636 outsize=2835 ok=1
Cmd: disassembleShader
  api=12 insize=1708 outsize=3016 ok=1
Cmd: compileSnippet
  api=1 type=1 insize=1152 outsize=2000 kw=DIRLIGHTMAP_COMBINED DYNAMICLIGHTMAP_ON _EMISSION _NORMALMAP _PARALLAXMAP pd=UNITY_ENABLE_REFLECTION_BUFFERS UNITY_PBS_USE_BRDF1 UNITY_SPECCUBE_BOX_PROJECTION UNITY_SPECCUBE_BLENDING SHADER_API_DESKTOP UNITY_COLORSPACE_GAMMA ok=1
Cmd: disassembleShader
  api=12 insize=2000 outsize=3459 ok=1
Cmd: compileSnippet
  api=1 type=1 insize=1152 outsize=1844 kw=DIRLIGHTMAP_SEPARATE _EMISSION _NORMALMAP _PARALLAXMAP pd=UNITY_ENABLE_REFLECTION_BUFFERS UNITY_PBS_USE_BRDF1 UNITY_SPECCUBE_BOX_PROJECTION UNITY_SPECCUBE_BLENDING SHADER_API_DESKTOP UNITY_COLORSPACE_GAMMA ok=1
Cmd: disassembleShader
  api=12 insize=1844 outsize=3157 ok=1
Cmd: disassembleShader
  api=12 insize=1000 outsize=1771 ok=1
Cmd: disassembleShader
  api=12 insize=1328 outsize=2334 ok=1
Cmd: disassembleShader
  api=12 insize=1064 outsize=1838 ok=1
Cmd: disassembleShader
  api=12 insize=1132 outsize=1977 ok=1
Cmd: disassembleShader
  api=12 insize=1296 outsize=2298 ok=1
Cmd: disassembleShader
  api=12 insize=1588 outsize=2772 ok=1
Cmd: disassembleShader
  api=12 insize=1356 outsize=2352 ok=1
Cmd: disassembleShader
  api=12 insize=1428 outsize=2504 ok=1
Cmd: compileSnippet
  api=4 type=1 insize=1152 outsize=2286 kw=DYNAMICLIGHTMAP_ON _EMISSION UNITY_HDR_ON _NORMALMAP _PARALLAXMAP pd=UNITY_ENABLE_REFLECTION_BUFFERS UNITY_PBS_USE_BRDF1 UNITY_SPECCUBE_BOX_PROJECTION UNITY_SPECCUBE_BLENDING SHADER_API_DESKTOP UNITY_COLORSPACE_GAMMA ok=1
Cmd: disassembleShader
  api=17 insize=2286 outsize=4152 ok=1
Cmd: compileSnippet
  api=1 type=1 insize=1152 outsize=1808 kw=DIRLIGHTMAP_COMBINED _EMISSION UNITY_HDR_ON _NORMALMAP _PARALLAXMAP pd=UNITY_ENABLE_REFLECTION_BUFFERS UNITY_PBS_USE_BRDF1 UNITY_SPECCUBE_BOX_PROJECTION UNITY_SPECCUBE_BLENDING SHADER_API_DESKTOP UNITY_COLORSPACE_GAMMA ok=1
Cmd: disassembleShader
  api=12 insize=1808 outsize=3086 ok=1
Cmd: disassembleShader
  api=12 insize=1064 outsize=1876 ok=1
Cmd: disassembleShader
  api=17 insize=2442 outsize=4408 ok=1
Cmd: disassembleShader
  api=17 insize=2842 outsize=4951 ok=1
Cmd: disassembleShader
  api=17 insize=2506 outsize=4542 ok=1
Cmd: disassembleShader
  api=17 insize=2546 outsize=4593 ok=1
Cmd: disassembleShader
  api=17 insize=2830 outsize=5008 ok=1
Cmd: disassembleShader
  api=17 insize=3206 outsize=5491 ok=1
Cmd: disassembleShader
  api=17 insize=2894 outsize=5142 ok=1
Cmd: compileSnippet
  api=1 type=1 insize=1152 outsize=1808 kw=DIRLIGHTMAP_SEPARATE _EMISSION UNITY_HDR_ON _NORMALMAP _PARALLAXMAP pd=UNITY_ENABLE_REFLECTION_BUFFERS UNITY_PBS_USE_BRDF1 UNITY_SPECCUBE_BOX_PROJECTION UNITY_SPECCUBE_BLENDING SHADER_API_DESKTOP UNITY_COLORSPACE_GAMMA ok=1
Cmd: disassembleShader
  api=12 insize=1808 outsize=3086 ok=1
Cmd: disassembleShader
  api=13 insize=1610 outsize=3721 ok=1
Cmd: disassembleShader
  api=10 insize=888 outsize=1478 ok=1
Cmd: disassembleShader
  api=14 insize=1494 outsize=3468 ok=1
Cmd: disassembleShader
  api=12 insize=1328 outsize=2287 ok=1
Cmd: disassembleShader
  api=15 insize=2082 outsize=3554 ok=1
Cmd: disassembleShader
  api=15 insize=2258 outsize=3835 ok=1
Cmd: disassembleShader
  api=15 insize=2818 outsize=4539 ok=1
Cmd: disassembleShader
  api=9 insize=2316 outsize=3739 ok=1
Cmd: disassembleShader
  api=9 insize=1628 outsize=2774 ok=1
Cmd: disassembleShader
  api=15 insize=1614 outsize=3037 ok=1
Cmd: disassembleShader
  api=15 insize=1770 outsize=3291 ok=1
Cmd: disassembleShader
  api=13 insize=4510 outsize=8441 ok=1
Cmd: disassembleShader
  api=15 insize=3254 outsize=5173 ok=1
Cmd: disassembleShader
  api=15 insize=2082 outsize=3554 ok=1
Cmd: disassembleShader
  api=9 insize=1664 outsize=2758 ok=1
Cmd: disassembleShader
  api=9 insize=2188 outsize=3523 ok=1
Cmd: disassembleShader
  api=15 insize=1538 outsize=2897 ok=1
Cmd: disassembleShader
  api=15 insize=1714 outsize=3178 ok=1
Cmd: disassembleShader
  api=10 insize=1140 outsize=1938 ok=1
Cmd: disassembleShader
  api=10 insize=1268 outsize=2127 ok=1
Cmd: disassembleShader
  api=13 insize=4510 outsize=8441 ok=1
Cmd: disassembleShader
  api=15 insize=3254 outsize=5173 ok=1
Cmd: disassembleShader
  api=15 insize=2082 outsize=3554 ok=1
Cmd: disassembleShader
  api=9 insize=1664 outsize=2758 ok=1
Cmd: disassembleShader
  api=9 insize=2188 outsize=3523 ok=1
Cmd: disassembleShader
  api=15 insize=1538 outsize=2897 ok=1
Cmd: disassembleShader
  api=15 insize=1714 outsize=3178 ok=1
Cmd: disassembleShader
  api=10 insize=1140 outsize=1938 ok=1
Cmd: disassembleShader
  api=10 insize=1268 outsize=2127 ok=1
Cmd: disassembleShader
  api=13 insize=4510 outsize=8441 ok=1
Cmd: disassembleShader
  api=15 insize=3254 outsize=5173 ok=1
Cmd: disassembleShader
  api=15 insize=2438 outsize=4030 ok=1
Cmd: disassembleShader
  api=9 insize=1864 outsize=3216 ok=1
Cmd: disassembleShader
  api=9 insize=2388 outsize=4006 ok=1
Cmd: disassembleShader
  api=15 insize=1914 outsize=3399 ok=1
Cmd: disassembleShader
  api=15 insize=2090 outsize=3680 ok=1
Cmd: disassembleShader
  api=13 insize=3846 outsize=7484 ok=1
Cmd: disassembleShader
  api=15 insize=2874 outsize=4664 ok=1
Cmd: disassembleShader
  api=15 insize=3454 outsize=5395 ok=1
Cmd: disassembleShader
  api=10 insize=1320 outsize=2265 ok=1
Cmd: disassembleShader
  api=10 insize=1448 outsize=2462 ok=1
Cmd: disassembleShader
  api=13 insize=3634 outsize=7080 ok=1
Cmd: disassembleShader
  api=15 insize=2614 outsize=4311 ok=1
Cmd: disassembleShader
  api=15 insize=3174 outsize=5015 ok=1
Cmd: disassembleShader
  api=9 insize=2516 outsize=4228 ok=1
Cmd: disassembleShader
  api=9 insize=1828 outsize=3187 ok=1
Cmd: disassembleShader
  api=15 insize=1990 outsize=3539 ok=1
Cmd: disassembleShader
  api=15 insize=2146 outsize=3793 ok=1
Cmd: disassembleShader
  api=10 insize=1320 outsize=2265 ok=1
Cmd: disassembleShader
  api=10 insize=1448 outsize=2462 ok=1
Cmd: disassembleShader
  api=13 insize=3634 outsize=7080 ok=1
Cmd: disassembleShader
  api=15 insize=2614 outsize=4311 ok=1
Cmd: disassembleShader
  api=15 insize=3174 outsize=5015 ok=1
Cmd: disassembleShader
  api=9 insize=2516 outsize=4228 ok=1
Cmd: disassembleShader
  api=9 insize=1828 outsize=3187 ok=1
Cmd: disassembleShader
  api=15 insize=1990 outsize=3539 ok=1
Cmd: disassembleShader
  api=15 insize=2146 outsize=3793 ok=1
Cmd: disassembleShader
  api=10 insize=1320 outsize=2265 ok=1
Cmd: disassembleShader
  api=10 insize=1448 outsize=2462 ok=1
Cmd: disassembleShader
  api=14 insize=3102 outsize=6434 ok=1
Cmd: disassembleShader
  api=12 insize=3744 outsize=6840 ok=1
Cmd: disassembleShader
  api=14 insize=3294 outsize=6823 ok=1
Cmd: disassembleShader
  api=17 insize=2346 outsize=4090 ok=1
Cmd: disassembleShader
  api=17 insize=2102 outsize=3625 ok=1
Cmd: disassembleShader
  api=11 insize=1612 outsize=2635 ok=1
Cmd: disassembleShader
  api=11 insize=1580 outsize=2634 ok=1
Cmd: disassembleShader
  api=17 insize=5442 outsize=7760 ok=1
Cmd: disassembleShader
  api=17 insize=5594 outsize=8073 ok=1
Cmd: disassembleShader
  api=12 insize=3764 outsize=6936 ok=1
Cmd: disassembleShader
  api=12 insize=3876 outsize=7055 ok=1
Cmd: disassembleShader
  api=14 insize=3462 outsize=7209 ok=1
Cmd: disassembleShader
  api=17 insize=2450 outsize=4276 ok=1
Cmd: disassembleShader
  api=17 insize=2322 outsize=3991 ok=1
Cmd: disassembleShader
  api=11 insize=1852 outsize=3055 ok=1
Cmd: disassembleShader
  api=11 insize=1820 outsize=3031 ok=1
Cmd: disassembleShader
  api=17 insize=5758 outsize=8208 ok=1
Cmd: disassembleShader
  api=17 insize=5910 outsize=8524 ok=1
Cmd: disassembleShader
  api=12 insize=3984 outsize=7248 ok=1
Cmd: disassembleShader
  api=12 insize=4096 outsize=7356 ok=1
Cmd: disassembleShader
  api=14 insize=3866 outsize=7921 ok=1
Cmd: disassembleShader
  api=17 insize=2686 outsize=4670 ok=1
Cmd: disassembleShader
  api=17 insize=2426 outsize=4177 ok=1
Cmd: disassembleShader
  api=11 insize=1984 outsize=3251 ok=1
Cmd: disassembleShader
  api=11 insize=1952 outsize=3242 ok=1
Cmd: disassembleShader
  api=17 insize=5862 outsize=8393 ok=1
Cmd: disassembleShader
  api=17 insize=6014 outsize=8709 ok=1
Cmd: disassembleShader
  api=9 insize=1048 outsize=1679 ok=1
Cmd: disassembleShader
  api=15 insize=1870 outsize=3234 ok=1
Cmd: disassembleShader
  api=13 insize=2754 outsize=5576 ok=1
Cmd: disassembleShader
  api=9 insize=1280 outsize=2070 ok=1
Cmd: disassembleShader
  api=9 insize=1264 outsize=2044 ok=1
Cmd: disassembleShader
  api=9 insize=1200 outsize=1966 ok=1
Cmd: disassembleShader
  api=13 insize=2966 outsize=5980 ok=1
Cmd: disassembleShader
  api=9 insize=1252 outsize=2120 ok=1
Cmd: disassembleShader
  api=15 insize=2150 outsize=3609 ok=1
Cmd: disassembleShader
  api=13 insize=2878 outsize=5857 ok=1
Cmd: disassembleShader
  api=15 insize=1890 outsize=3302 ok=1
Cmd: disassembleShader
  api=15 insize=2222 outsize=3743 ok=1
Cmd: disassembleShader
  api=15 insize=1870 outsize=3229 ok=1
Cmd: disassembleShader
  api=13 insize=2162 outsize=4660 ok=1
Cmd: disassembleShader
  api=9 insize=1144 outsize=1870 ok=1
Cmd: disassembleShader
  api=15 insize=1794 outsize=3135 ok=1
Cmd: disassembleShader
  api=9 insize=1176 outsize=1895 ok=1
Cmd: disassembleShader
  api=9 insize=1200 outsize=1966 ok=1
Cmd: disassembleShader
  api=9 insize=1236 outsize=2097 ok=1
Cmd: disassembleShader
  api=15 insize=1734 outsize=3048 ok=1
Cmd: disassembleShader
  api=13 insize=2966 outsize=5969 ok=1
Cmd: disassembleShader
  api=9 insize=1228 outsize=2040 ok=1
Cmd: disassembleShader
  api=15 insize=2354 outsize=3949 ok=1
Cmd: disassembleShader
  api=15 insize=2230 outsize=3769 ok=1
Cmd: disassembleShader
  api=15 insize=2222 outsize=3743 ok=1
Cmd: disassembleShader
  api=9 insize=1216 outsize=2017 ok=1
Cmd: disassembleShader
  api=15 insize=2250 outsize=3721 ok=1
Cmd: disassembleShader
  api=13 insize=3250 outsize=6366 ok=1
Cmd: disassembleShader
  api=9 insize=1448 outsize=2421 ok=1
Cmd: disassembleShader
  api=9 insize=1432 outsize=2394 ok=1
Cmd: disassembleShader
  api=9 insize=1368 outsize=2316 ok=1
Cmd: disassembleShader
  api=13 insize=3462 outsize=6770 ok=1
Cmd: disassembleShader
  api=9 insize=1420 outsize=2465 ok=1
Cmd: disassembleShader
  api=15 insize=2530 outsize=4096 ok=1
Cmd: disassembleShader
  api=13 insize=3374 outsize=6647 ok=1
Cmd: disassembleShader
  api=15 insize=2270 outsize=3789 ok=1
Cmd: disassembleShader
  api=15 insize=2602 outsize=4230 ok=1
Cmd: disassembleShader
  api=15 insize=2250 outsize=3716 ok=1
Cmd: disassembleShader
  api=13 insize=2658 outsize=5450 ok=1
Cmd: disassembleShader
  api=9 insize=1312 outsize=2214 ok=1
Cmd: disassembleShader
  api=15 insize=2174 outsize=3622 ok=1
Cmd: disassembleShader
  api=9 insize=1344 outsize=2239 ok=1
Cmd: disassembleShader
  api=9 insize=1368 outsize=2316 ok=1
Cmd: disassembleShader
  api=9 insize=1404 outsize=2442 ok=1
Cmd: disassembleShader
  api=15 insize=2114 outsize=3535 ok=1
Cmd: disassembleShader
  api=13 insize=3462 outsize=6759 ok=1
Cmd: disassembleShader
  api=9 insize=1396 outsize=2395 ok=1
Cmd: disassembleShader
  api=15 insize=2734 outsize=4436 ok=1
Cmd: disassembleShader
  api=15 insize=2610 outsize=4256 ok=1
Cmd: disassembleShader
  api=15 insize=2602 outsize=4230 ok=1
Cmd: disassembleShader
  api=14 insize=2154 outsize=4747 ok=1
Cmd: disassembleShader
  api=11 insize=1188 outsize=1923 ok=1
Cmd: disassembleShader
  api=17 insize=1518 outsize=2849 ok=1
Cmd: disassembleShader
  api=14 insize=2098 outsize=4659 ok=1
Cmd: disassembleShader
  api=17 insize=1426 outsize=2685 ok=1
Cmd: disassembleShader
  api=17 insize=1762 outsize=3245 ok=1
Cmd: disassembleShader
  api=17 insize=1510 outsize=2845 ok=1
Cmd: disassembleShader
  api=14 insize=2022 outsize=4427 ok=1
Cmd: disassembleShader
  api=11 insize=1164 outsize=1883 ok=1
Cmd: disassembleShader
  api=17 insize=1482 outsize=2811 ok=1
Cmd: disassembleShader
  api=11 insize=1040 outsize=1711 ok=1
Cmd: disassembleShader
  api=11 insize=1380 outsize=2233 ok=1
Cmd: disassembleShader
  api=11 insize=1076 outsize=1711 ok=1
Cmd: disassembleShader
  api=17 insize=1334 outsize=2512 ok=1
Cmd: disassembleShader
  api=14 insize=2598 outsize=5566 ok=1
Cmd: disassembleShader
  api=11 insize=1060 outsize=1688 ok=1
Cmd: disassembleShader
  api=17 insize=1990 outsize=3623 ok=1
Cmd: disassembleShader
  api=17 insize=1618 outsize=3085 ok=1
Cmd: disassembleShader
  api=17 insize=1918 outsize=3545 ok=1
Cmd: disassembleShader
  api=11 insize=992 outsize=1621 ok=1
Cmd: disassembleShader
  api=17 insize=1818 outsize=3342 ok=1
Cmd: disassembleShader
  api=14 insize=2494 outsize=5462 ok=1
Cmd: disassembleShader
  api=11 insize=1460 outsize=2269 ok=1
Cmd: disassembleShader
  api=11 insize=1212 outsize=1896 ok=1
Cmd: disassembleShader
  api=11 insize=1528 outsize=2395 ok=1
Cmd: disassembleShader
  api=14 insize=2586 outsize=5565 ok=1
Cmd: disassembleShader
  api=11 insize=1432 outsize=2290 ok=1
Cmd: disassembleShader
  api=17 insize=1774 outsize=3262 ok=1
Cmd: disassembleShader
  api=14 insize=2542 outsize=5497 ok=1
Cmd: disassembleShader
  api=17 insize=1682 outsize=3098 ok=1
Cmd: disassembleShader
  api=17 insize=2018 outsize=3658 ok=1
Cmd: disassembleShader
  api=17 insize=1766 outsize=3258 ok=1
Cmd: disassembleShader
  api=14 insize=2466 outsize=5268 ok=1
Cmd: disassembleShader
  api=11 insize=1384 outsize=2236 ok=1
Cmd: disassembleShader
  api=17 insize=1738 outsize=3224 ok=1
Cmd: disassembleShader
  api=11 insize=1272 outsize=2081 ok=1
Cmd: disassembleShader
  api=11 insize=1612 outsize=2582 ok=1
Cmd: disassembleShader
  api=11 insize=1308 outsize=2100 ok=1
Cmd: disassembleShader
  api=17 insize=1590 outsize=2925 ok=1
Cmd: disassembleShader
  api=14 insize=3066 outsize=6457 ok=1
Cmd: disassembleShader
  api=11 insize=1292 outsize=2077 ok=1
Cmd: disassembleShader
  api=17 insize=2246 outsize=4036 ok=1
Cmd: disassembleShader
  api=17 insize=1874 outsize=3498 ok=1
Cmd: disassembleShader
  api=17 insize=2174 outsize=3958 ok=1
Cmd: disassembleShader
  api=11 insize=1224 outsize=1988 ok=1
Cmd: disassembleShader
  api=17 insize=2074 outsize=3755 ok=1
Cmd: disassembleShader
  api=14 insize=2938 outsize=6322 ok=1
Cmd: disassembleShader
  api=11 insize=1704 outsize=2664 ok=1
Cmd: disassembleShader
  api=11 insize=1444 outsize=2288 ok=1
Cmd: disassembleShader
  api=11 insize=1772 outsize=2773 ok=1
Cmd: disassembleShader
  api=15 insize=686 outsize=1426 ok=1
Cmd: disassembleShader
  api=15 insize=686 outsize=1426 ok=1
Cmd: disassembleShader
  api=17 insize=350 outsize=907 ok=1
Cmd: disassembleShader
  api=17 insize=350 outsize=907 ok=1
Cmd: disassembleShader
  api=10 insize=888 outsize=1478 ok=1
Cmd: disassembleShader
  api=15 insize=1050 outsize=2026 ok=1
Cmd: disassembleShader
  api=12 insize=932 outsize=1579 ok=1
Cmd: disassembleShader
  api=17 insize=1462 outsize=2549 ok=1
