Base path: C:/Program Files/Unity/Editor/Data
Cmd: getPlatforms
Cmd: disassembleShader
  api=10 insize=1104 outsize=1847 ok=1
Cmd: disassembleShader
  api=10 insize=1408 outsize=2316 ok=1
Cmd: disassembleShader
  api=10 insize=1424 outsize=2420 ok=1
Cmd: disassembleShader
  api=10 insize=1104 outsize=1847 ok=1
Cmd: disassembleShader
  api=10 insize=2128 outsize=3419 ok=1
Cmd: disassembleShader
  api=10 insize=1424 outsize=2420 ok=1
Cmd: disassembleShader
  api=10 insize=1140 outsize=1938 ok=1
Cmd: disassembleShader
  api=10 insize=1432 outsize=2358 ok=1
Cmd: disassembleShader
  api=10 insize=1448 outsize=2462 ok=1
Cmd: disassembleShader
  api=10 insize=1140 outsize=1938 ok=1
Cmd: disassembleShader
  api=10 insize=2152 outsize=3461 ok=1
Cmd: disassembleShader
  api=10 insize=1448 outsize=2462 ok=1
Cmd: disassembleShader
  api=10 insize=1532 outsize=2553 ok=1
Cmd: disassembleShader
  api=10 insize=1856 outsize=3128 ok=1
Cmd: disassembleShader
  api=10 insize=1672 outsize=2794 ok=1
Cmd: disassembleShader
  api=10 insize=1532 outsize=2553 ok=1
Cmd: disassembleShader
  api=10 insize=2564 outsize=4220 ok=1
Cmd: disassembleShader
  api=10 insize=1672 outsize=2794 ok=1
Cmd: disassembleShader
  api=10 insize=1568 outsize=2664 ok=1
Cmd: disassembleShader
  api=10 insize=1880 outsize=3170 ok=1
Cmd: disassembleShader
  api=10 insize=1696 outsize=2836 ok=1
Cmd: disassembleShader
  api=10 insize=1568 outsize=2664 ok=1
Cmd: disassembleShader
  api=10 insize=2588 outsize=4262 ok=1
Cmd: disassembleShader
  api=10 insize=1696 outsize=2836 ok=1
Cmd: disassembleShader
  api=10 insize=1104 outsize=1847 ok=1
Cmd: disassembleShader
  api=10 insize=1408 outsize=2316 ok=1
Cmd: disassembleShader
  api=10 insize=1424 outsize=2420 ok=1
Cmd: disassembleShader
  api=10 insize=1104 outsize=1847 ok=1
Cmd: disassembleShader
  api=10 insize=2128 outsize=3419 ok=1
Cmd: disassembleShader
  api=10 insize=1424 outsize=2420 ok=1
Cmd: disassembleShader
  api=10 insize=1140 outsize=1938 ok=1
Cmd: disassembleShader
  api=10 insize=1432 outsize=2358 ok=1
Cmd: disassembleShader
  api=10 insize=1448 outsize=2462 ok=1
Cmd: disassembleShader
  api=10 insize=1140 outsize=1938 ok=1
Cmd: disassembleShader
  api=10 insize=2152 outsize=3461 ok=1
Cmd: disassembleShader
  api=10 insize=1448 outsize=2462 ok=1
Cmd: disassembleShader
  api=10 insize=1104 outsize=1847 ok=1
Cmd: disassembleShader
  api=10 insize=1408 outsize=2316 ok=1
Cmd: disassembleShader
  api=10 insize=1424 outsize=2420 ok=1
Cmd: disassembleShader
  api=10 insize=1104 outsize=1847 ok=1
Cmd: disassembleShader
  api=10 insize=2128 outsize=3419 ok=1
Cmd: disassembleShader
  api=10 insize=1424 outsize=2420 ok=1
Cmd: disassembleShader
  api=10 insize=1140 outsize=1938 ok=1
Cmd: disassembleShader
  api=10 insize=1432 outsize=2358 ok=1
Cmd: disassembleShader
  api=10 insize=1448 outsize=2462 ok=1
Cmd: disassembleShader
  api=10 insize=1140 outsize=1938 ok=1
Cmd: disassembleShader
  api=10 insize=2152 outsize=3461 ok=1
Cmd: disassembleShader
  api=10 insize=1448 outsize=2462 ok=1
Cmd: disassembleShader
  api=10 insize=1284 outsize=2179 ok=1
Cmd: disassembleShader
  api=10 insize=1608 outsize=2754 ok=1
Cmd: disassembleShader
  api=10 insize=1424 outsize=2420 ok=1
Cmd: disassembleShader
  api=10 insize=1284 outsize=2179 ok=1
Cmd: disassembleShader
  api=10 insize=2328 outsize=3863 ok=1
Cmd: disassembleShader
  api=10 insize=1424 outsize=2420 ok=1
Cmd: disassembleShader
  api=10 insize=1320 outsize=2265 ok=1
Cmd: disassembleShader
  api=10 insize=1632 outsize=2796 ok=1
Cmd: disassembleShader
  api=10 insize=1448 outsize=2462 ok=1
Cmd: disassembleShader
  api=10 insize=1320 outsize=2265 ok=1
Cmd: disassembleShader
  api=10 insize=2352 outsize=3905 ok=1
Cmd: disassembleShader
  api=10 insize=1448 outsize=2462 ok=1
Cmd: disassembleShader
  api=10 insize=1532 outsize=2553 ok=1
Cmd: disassembleShader
  api=10 insize=1856 outsize=3128 ok=1
Cmd: disassembleShader
  api=10 insize=1672 outsize=2794 ok=1
Cmd: disassembleShader
  api=10 insize=1532 outsize=2553 ok=1
Cmd: disassembleShader
  api=10 insize=2564 outsize=4220 ok=1
Cmd: disassembleShader
  api=10 insize=1672 outsize=2794 ok=1
Cmd: disassembleShader
  api=10 insize=1568 outsize=2664 ok=1
Cmd: disassembleShader
  api=10 insize=1880 outsize=3170 ok=1
Cmd: disassembleShader
  api=10 insize=1696 outsize=2836 ok=1
Cmd: disassembleShader
  api=10 insize=1568 outsize=2664 ok=1
Cmd: disassembleShader
  api=10 insize=2588 outsize=4262 ok=1
Cmd: disassembleShader
  api=10 insize=1696 outsize=2836 ok=1
Cmd: disassembleShader
  api=10 insize=1284 outsize=2179 ok=1
Cmd: disassembleShader
  api=10 insize=1608 outsize=2754 ok=1
Cmd: disassembleShader
  api=10 insize=1424 outsize=2420 ok=1
Cmd: disassembleShader
  api=10 insize=1284 outsize=2179 ok=1
Cmd: disassembleShader
  api=10 insize=2328 outsize=3863 ok=1
Cmd: disassembleShader
  api=10 insize=1424 outsize=2420 ok=1
Cmd: disassembleShader
  api=10 insize=1320 outsize=2265 ok=1
Cmd: disassembleShader
  api=10 insize=1632 outsize=2796 ok=1
Cmd: disassembleShader
  api=10 insize=1448 outsize=2462 ok=1
Cmd: disassembleShader
  api=10 insize=1320 outsize=2265 ok=1
Cmd: disassembleShader
  api=10 insize=2352 outsize=3905 ok=1
Cmd: disassembleShader
  api=10 insize=1448 outsize=2462 ok=1
Cmd: disassembleShader
  api=10 insize=1284 outsize=2179 ok=1
Cmd: disassembleShader
  api=10 insize=1608 outsize=2754 ok=1
Cmd: disassembleShader
  api=10 insize=1424 outsize=2420 ok=1
Cmd: disassembleShader
  api=10 insize=1284 outsize=2179 ok=1
Cmd: disassembleShader
  api=10 insize=2328 outsize=3863 ok=1
Cmd: disassembleShader
  api=10 insize=1424 outsize=2420 ok=1
Cmd: disassembleShader
  api=10 insize=1320 outsize=2265 ok=1
Cmd: disassembleShader
  api=10 insize=1632 outsize=2796 ok=1
Cmd: disassembleShader
  api=10 insize=1448 outsize=2462 ok=1
Cmd: disassembleShader
  api=10 insize=1320 outsize=2265 ok=1
Cmd: disassembleShader
  api=10 insize=2352 outsize=3905 ok=1
Cmd: disassembleShader
  api=10 insize=1448 outsize=2462 ok=1
Cmd: compileSnippet
  api=1 type=0 insize=1023 outsize=1532 kw=DIRECTIONAL DYNAMICLIGHTMAP_ON _EMISSION _NORMALMAP _PARALLAXMAP pd=UNITY_ENABLE_REFLECTION_BUFFERS UNITY_PBS_USE_BRDF1 UNITY_SPECCUBE_BOX_PROJECTION UNITY_SPECCUBE_BLENDING SHADER_API_DESKTOP UNITY_COLORSPACE_GAMMA ok=1
Cmd: disassembleShader
  api=10 insize=1532 outsize=2553 ok=1
Cmd: compileSnippet
  api=4 type=0 insize=1023 outsize=2690 kw=DIRECTIONAL SHADOWS_SCREEN _EMISSION _NORMALMAP _PARALLAXMAP pd=UNITY_ENABLE_REFLECTION_BUFFERS UNITY_PBS_USE_BRDF1 UNITY_SPECCUBE_BOX_PROJECTION UNITY_SPECCUBE_BLENDING SHADER_API_DESKTOP UNITY_COLORSPACE_GAMMA ok=1
Cmd: disassembleShader
  api=15 insize=2690 outsize=4346 ok=1
Cmd: compileSnippet
  api=1 type=0 insize=1023 outsize=2424 kw=DIRECTIONAL _EMISSION VERTEXLIGHT_ON _NORMALMAP _PARALLAXMAP pd=UNITY_ENABLE_REFLECTION_BUFFERS UNITY_PBS_USE_BRDF1 UNITY_SPECCUBE_BOX_PROJECTION UNITY_SPECCUBE_BLENDING SHADER_API_DESKTOP UNITY_COLORSPACE_GAMMA ok=1
Cmd: disassembleShader
  api=10 insize=2424 outsize=3979 ok=1
Cmd: compileSnippet
  api=1 type=0 insize=1023 outsize=1532 kw=DIRECTIONAL DIRLIGHTMAP_COMBINED DYNAMICLIGHTMAP_ON _EMISSION VERTEXLIGHT_ON _NORMALMAP _PARALLAXMAP pd=UNITY_ENABLE_REFLECTION_BUFFERS UNITY_PBS_USE_BRDF1 UNITY_SPECCUBE_BOX_PROJECTION UNITY_SPECCUBE_BLENDING SHADER_API_DESKTOP UNITY_COLORSPACE_GAMMA ok=1
Cmd: disassembleShader
  api=10 insize=1532 outsize=2553 ok=1
Cmd: compileSnippet
  api=4 type=0 insize=1023 outsize=3542 kw=DIRECTIONAL SHADOWS_SCREEN _EMISSION VERTEXLIGHT_ON _NORMALMAP _PARALLAXMAP pd=UNITY_ENABLE_REFLECTION_BUFFERS UNITY_PBS_USE_BRDF1 UNITY_SPECCUBE_BOX_PROJECTION UNITY_SPECCUBE_BLENDING SHADER_API_DESKTOP UNITY_COLORSPACE_GAMMA ok=1
Cmd: disassembleShader
  api=15 insize=3542 outsize=5530 ok=1
Cmd: disassembleShader
  api=15 insize=2590 outsize=4205 ok=1
Cmd: compileSnippet
  api=1 type=0 insize=1023 outsize=1568 kw=DIRECTIONAL DYNAMICLIGHTMAP_ON FOG_EXP2 _EMISSION _NORMALMAP _PARALLAXMAP pd=UNITY_ENABLE_REFLECTION_BUFFERS UNITY_PBS_USE_BRDF1 UNITY_SPECCUBE_BOX_PROJECTION UNITY_SPECCUBE_BLENDING SHADER_API_DESKTOP UNITY_COLORSPACE_GAMMA ok=1
Cmd: disassembleShader
  api=10 insize=1568 outsize=2664 ok=1
Cmd: compileSnippet
  api=1 type=0 insize=1023 outsize=1880 kw=DIRECTIONAL SHADOWS_SCREEN FOG_EXP2 _EMISSION _NORMALMAP _PARALLAXMAP pd=UNITY_ENABLE_REFLECTION_BUFFERS UNITY_PBS_USE_BRDF1 UNITY_SPECCUBE_BOX_PROJECTION UNITY_SPECCUBE_BLENDING SHADER_API_DESKTOP UNITY_COLORSPACE_GAMMA ok=1
Cmd: disassembleShader
  api=10 insize=1880 outsize=3170 ok=1
Cmd: compileSnippet
  api=4 type=0 insize=1023 outsize=2606 kw=DIRECTIONAL SHADOWS_SCREEN DYNAMICLIGHTMAP_ON FOG_EXP2 _EMISSION _NORMALMAP _PARALLAXMAP pd=UNITY_ENABLE_REFLECTION_BUFFERS UNITY_PBS_USE_BRDF1 UNITY_SPECCUBE_BOX_PROJECTION UNITY_SPECCUBE_BLENDING SHADER_API_DESKTOP UNITY_COLORSPACE_GAMMA ok=1
Cmd: disassembleShader
  api=15 insize=2606 outsize=4348 ok=1
Cmd: compileSnippet
  api=4 type=0 insize=1023 outsize=3442 kw=DIRECTIONAL FOG_EXP2 _EMISSION VERTEXLIGHT_ON _NORMALMAP _PARALLAXMAP pd=UNITY_ENABLE_REFLECTION_BUFFERS UNITY_PBS_USE_BRDF1 UNITY_SPECCUBE_BOX_PROJECTION UNITY_SPECCUBE_BLENDING SHADER_API_DESKTOP UNITY_COLORSPACE_GAMMA ok=1
Cmd: disassembleShader
  api=15 insize=3442 outsize=5389 ok=1
Cmd: compileSnippet
  api=1 type=0 insize=1023 outsize=2588 kw=DIRECTIONAL SHADOWS_SCREEN FOG_EXP2 _EMISSION VERTEXLIGHT_ON _NORMALMAP _PARALLAXMAP pd=UNITY_ENABLE_REFLECTION_BUFFERS UNITY_PBS_USE_BRDF1 UNITY_SPECCUBE_BOX_PROJECTION UNITY_SPECCUBE_BLENDING SHADER_API_DESKTOP UNITY_COLORSPACE_GAMMA ok=1
Cmd: disassembleShader
  api=10 insize=2588 outsize=4262 ok=1
Cmd: compileSnippet
  api=4 type=0 insize=1023 outsize=2606 kw=DIRECTIONAL SHADOWS_SCREEN DIRLIGHTMAP_COMBINED DYNAMICLIGHTMAP_ON FOG_EXP2 _EMISSION VERTEXLIGHT_ON _NORMALMAP _PARALLAXMAP pd=UNITY_ENABLE_REFLECTION_BUFFERS UNITY_PBS_USE_BRDF1 UNITY_SPECCUBE_BOX_PROJECTION UNITY_SPECCUBE_BLENDING SHADER_API_DESKTOP UNITY_COLORSPACE_GAMMA ok=1
Cmd: disassembleShader
  api=15 insize=2606 outsize=4348 ok=1
Cmd: disassembleShader
  api=17 insize=6014 outsize=8549 ok=1
Cmd: disassembleShader
  api=12 insize=3852 outsize=7044 ok=1
Cmd: disassembleShader
  api=12 insize=3744 outsize=6840 ok=1
Cmd: disassembleShader
  api=12 insize=3848 outsize=7140 ok=1
Cmd: disassembleShader
  api=12 insize=4012 outsize=7346 ok=1
Cmd: disassembleShader
  api=12 insize=3904 outsize=7142 ok=1
Cmd: disassembleShader
  api=12 insize=4028 outsize=7373 ok=1
Cmd: disassembleShader
  api=12 insize=4184 outsize=7628 ok=1
Cmd: disassembleShader
  api=12 insize=4060 outsize=7356 ok=1
Cmd: disassembleShader
  api=12 insize=4188 outsize=7673 ok=1
Cmd: disassembleShader
  api=12 insize=4344 outsize=7930 ok=1
Cmd: disassembleShader
  api=12 insize=4220 outsize=7658 ok=1
Cmd: disassembleShader
  api=12 insize=3756 outsize=6914 ok=1
Cmd: disassembleShader
  api=12 insize=3920 outsize=7091 ok=1
Cmd: disassembleShader
  api=12 insize=3812 outsize=6879 ok=1
Cmd: disassembleShader
  api=12 insize=3916 outsize=7214 ok=1
Cmd: disassembleShader
  api=12 insize=4080 outsize=7393 ok=1
Cmd: disassembleShader
  api=12 insize=3972 outsize=7181 ok=1
Cmd: disassembleShader
  api=12 insize=3820 outsize=7055 ok=1
Cmd: disassembleShader
  api=12 insize=3984 outsize=7259 ok=1
Cmd: disassembleShader
  api=12 insize=3876 outsize=7055 ok=1
Cmd: disassembleShader
  api=12 insize=3980 outsize=7355 ok=1
Cmd: disassembleShader
  api=12 insize=4144 outsize=7561 ok=1
Cmd: disassembleShader
  api=12 insize=4036 outsize=7357 ok=1
Cmd: disassembleShader
  api=12 insize=3996 outsize=7339 ok=1
Cmd: disassembleShader
  api=12 insize=4160 outsize=7561 ok=1
Cmd: disassembleShader
  api=12 insize=4028 outsize=7296 ok=1
Cmd: disassembleShader
  api=12 insize=4156 outsize=7639 ok=1
Cmd: disassembleShader
  api=12 insize=4320 outsize=7863 ok=1
Cmd: disassembleShader
  api=12 insize=4188 outsize=7598 ok=1
Cmd: disassembleShader
  api=12 insize=4288 outsize=7878 ok=1
Cmd: disassembleShader
  api=17 insize=5986 outsize=8515 ok=1
Cmd: disassembleShader
  api=12 insize=4320 outsize=7874 ok=1
Cmd: disassembleShader
  api=12 insize=4448 outsize=8178 ok=1
Cmd: disassembleShader
  api=12 insize=4616 outsize=8366 ok=1
Cmd: disassembleShader
  api=12 insize=4480 outsize=8176 ok=1
Cmd: disassembleShader
  api=12 insize=4064 outsize=7483 ok=1
Cmd: disassembleShader
  api=12 insize=4228 outsize=7599 ok=1
Cmd: disassembleShader
  api=12 insize=4096 outsize=7356 ok=1
Cmd: disassembleShader
  api=12 insize=4224 outsize=7783 ok=1
Cmd: disassembleShader
  api=12 insize=4388 outsize=7901 ok=1
Cmd: disassembleShader
  api=12 insize=4256 outsize=7658 ok=1
Cmd: disassembleShader
  api=12 insize=4128 outsize=7554 ok=1
Cmd: disassembleShader
  api=12 insize=4292 outsize=7777 ok=1
Cmd: disassembleShader
  api=12 insize=4160 outsize=7512 ok=1
Cmd: disassembleShader
  api=12 insize=4288 outsize=7854 ok=1
Cmd: disassembleShader
  api=12 insize=4452 outsize=8079 ok=1
Cmd: disassembleShader
  api=12 insize=4320 outsize=7814 ok=1
Cmd: compileSnippet
  api=1 type=1 insize=1023 outsize=4420 kw=DIRECTIONAL _EMISSION _NORMALMAP _PARALLAXMAP pd=UNITY_ENABLE_REFLECTION_BUFFERS UNITY_PBS_USE_BRDF1 UNITY_SPECCUBE_BOX_PROJECTION UNITY_SPECCUBE_BLENDING SHADER_API_DESKTOP UNITY_COLORSPACE_GAMMA ok=1
Cmd: disassembleShader
  api=12 insize=4420 outsize=8093 ok=1
Cmd: compileSnippet
  api=4 type=1 insize=1023 outsize=7014 kw=DIRECTIONAL SHADOWS_SCREEN _EMISSION _NORMALMAP _PARALLAXMAP pd=UNITY_ENABLE_REFLECTION_BUFFERS UNITY_PBS_USE_BRDF1 UNITY_SPECCUBE_BOX_PROJECTION UNITY_SPECCUBE_BLENDING SHADER_API_DESKTOP UNITY_COLORSPACE_GAMMA ok=1
Cmd: disassembleShader
  api=17 insize=7014 outsize=10141 ok=1
Cmd: compileSnippet
  api=4 type=1 insize=1023 outsize=6242 kw=DIRECTIONAL SHADOWS_SCREEN DIRLIGHTMAP_COMBINED DYNAMICLIGHTMAP_ON _EMISSION _NORMALMAP _PARALLAXMAP pd=UNITY_ENABLE_REFLECTION_BUFFERS UNITY_PBS_USE_BRDF1 UNITY_SPECCUBE_BOX_PROJECTION UNITY_SPECCUBE_BLENDING SHADER_API_DESKTOP UNITY_COLORSPACE_GAMMA ok=1
Cmd: disassembleShader
  api=17 insize=6242 outsize=9016 ok=1
Cmd: compileSnippet
  api=4 type=1 insize=1023 outsize=6210 kw=DIRECTIONAL DYNAMICLIGHTMAP_ON FOG_EXP2 _EMISSION _NORMALMAP _PARALLAXMAP pd=UNITY_ENABLE_REFLECTION_BUFFERS UNITY_PBS_USE_BRDF1 UNITY_SPECCUBE_BOX_PROJECTION UNITY_SPECCUBE_BLENDING SHADER_API_DESKTOP UNITY_COLORSPACE_GAMMA ok=1
Cmd: disassembleShader
  api=17 insize=6210 outsize=8856 ok=1
Cmd: compileSnippet
  api=4 type=1 insize=1023 outsize=7366 kw=DIRECTIONAL SHADOWS_SCREEN FOG_EXP2 _EMISSION _NORMALMAP _PARALLAXMAP pd=UNITY_ENABLE_REFLECTION_BUFFERS UNITY_PBS_USE_BRDF1 UNITY_SPECCUBE_BOX_PROJECTION UNITY_SPECCUBE_BLENDING SHADER_API_DESKTOP UNITY_COLORSPACE_GAMMA ok=1
Cmd: disassembleShader
  api=17 insize=7366 outsize=10641 ok=1
Cmd: compileSnippet
  api=4 type=1 insize=1023 outsize=6594 kw=DIRECTIONAL SHADOWS_SCREEN DIRLIGHTMAP_COMBINED DYNAMICLIGHTMAP_ON FOG_EXP2 _EMISSION _NORMALMAP _PARALLAXMAP pd=UNITY_ENABLE_REFLECTION_BUFFERS UNITY_PBS_USE_BRDF1 UNITY_SPECCUBE_BOX_PROJECTION UNITY_SPECCUBE_BLENDING SHADER_API_DESKTOP UNITY_COLORSPACE_GAMMA ok=1
Cmd: disassembleShader
  api=17 insize=6594 outsize=9516 ok=1
Cmd: disassembleShader
  api=15 insize=1378 outsize=2579 ok=1
Cmd: disassembleShader
  api=10 insize=1184 outsize=1936 ok=1
Cmd: disassembleShader
  api=10 insize=1172 outsize=1895 ok=1
Cmd: disassembleShader
  api=10 insize=1212 outsize=1959 ok=1
Cmd: disassembleShader
  api=10 insize=1236 outsize=2038 ok=1
Cmd: disassembleShader
  api=10 insize=1316 outsize=2130 ok=1
Cmd: disassembleShader
  api=10 insize=1236 outsize=2038 ok=1
Cmd: disassembleShader
  api=10 insize=1108 outsize=1815 ok=1
Cmd: disassembleShader
  api=10 insize=1204 outsize=2009 ok=1
Cmd: disassembleShader
  api=10 insize=1352 outsize=2221 ok=1
Cmd: disassembleShader
  api=10 insize=1336 outsize=2172 ok=1
Cmd: disassembleShader
  api=10 insize=1272 outsize=2129 ok=1
Cmd: disassembleShader
  api=10 insize=1272 outsize=2129 ok=1
Cmd: disassembleShader
  api=10 insize=1632 outsize=2720 ok=1
Cmd: disassembleShader
  api=10 insize=1648 outsize=2740 ok=1
Cmd: disassembleShader
  api=10 insize=1636 outsize=2697 ok=1
Cmd: disassembleShader
  api=10 insize=1676 outsize=2760 ok=1
Cmd: disassembleShader
  api=10 insize=1700 outsize=2846 ok=1
Cmd: disassembleShader
  api=10 insize=1780 outsize=2941 ok=1
Cmd: disassembleShader
  api=10 insize=1700 outsize=2846 ok=1
Cmd: disassembleShader
  api=10 insize=1572 outsize=2590 ok=1
Cmd: disassembleShader
  api=10 insize=1668 outsize=2816 ok=1
Cmd: disassembleShader
  api=10 insize=1816 outsize=3037 ok=1
Cmd: disassembleShader
  api=10 insize=1800 outsize=2980 ok=1
Cmd: disassembleShader
  api=10 insize=1736 outsize=2942 ok=1
Cmd: disassembleShader
  api=10 insize=1736 outsize=2942 ok=1
Cmd: disassembleShader
  api=10 insize=1168 outsize=1918 ok=1
Cmd: disassembleShader
  api=10 insize=1184 outsize=1936 ok=1
Cmd: disassembleShader
  api=10 insize=1172 outsize=1895 ok=1
Cmd: disassembleShader
  api=10 insize=1212 outsize=1959 ok=1
Cmd: disassembleShader
  api=10 insize=1236 outsize=2038 ok=1
Cmd: disassembleShader
  api=10 insize=1316 outsize=2130 ok=1
Cmd: disassembleShader
  api=10 insize=1236 outsize=2038 ok=1
Cmd: disassembleShader
  api=10 insize=1108 outsize=1815 ok=1
Cmd: disassembleShader
  api=10 insize=1204 outsize=2009 ok=1
Cmd: disassembleShader
  api=10 insize=1352 outsize=2221 ok=1
Cmd: disassembleShader
  api=10 insize=1336 outsize=2172 ok=1
Cmd: disassembleShader
  api=10 insize=1272 outsize=2129 ok=1
Cmd: disassembleShader
  api=10 insize=1272 outsize=2129 ok=1
Cmd: disassembleShader
  api=10 insize=1336 outsize=2260 ok=1
Cmd: disassembleShader
  api=10 insize=1352 outsize=2278 ok=1
Cmd: disassembleShader
  api=10 insize=1340 outsize=2237 ok=1
Cmd: disassembleShader
  api=10 insize=1380 outsize=2301 ok=1
Cmd: disassembleShader
  api=10 insize=1404 outsize=2386 ok=1
Cmd: disassembleShader
  api=10 insize=1484 outsize=2479 ok=1
Cmd: disassembleShader
  api=10 insize=1404 outsize=2386 ok=1
Cmd: disassembleShader
  api=10 insize=1276 outsize=2131 ok=1
Cmd: disassembleShader
  api=10 insize=1372 outsize=2356 ok=1
Cmd: disassembleShader
  api=10 insize=1520 outsize=2575 ok=1
Cmd: disassembleShader
  api=10 insize=1504 outsize=2520 ok=1
Cmd: disassembleShader
  api=10 insize=1440 outsize=2482 ok=1
Cmd: disassembleShader
  api=10 insize=1440 outsize=2482 ok=1
Cmd: disassembleShader
  api=10 insize=1632 outsize=2720 ok=1
Cmd: disassembleShader
  api=10 insize=1648 outsize=2740 ok=1
Cmd: disassembleShader
  api=10 insize=1636 outsize=2697 ok=1
Cmd: disassembleShader
  api=10 insize=1676 outsize=2760 ok=1
Cmd: disassembleShader
  api=10 insize=1700 outsize=2846 ok=1
Cmd: disassembleShader
  api=10 insize=1780 outsize=2941 ok=1
Cmd: disassembleShader
  api=10 insize=1700 outsize=2846 ok=1
Cmd: disassembleShader
  api=10 insize=1572 outsize=2590 ok=1
Cmd: disassembleShader
  api=10 insize=1668 outsize=2816 ok=1
Cmd: disassembleShader
  api=10 insize=1816 outsize=3037 ok=1
Cmd: disassembleShader
  api=10 insize=1800 outsize=2980 ok=1
Cmd: disassembleShader
  api=10 insize=1736 outsize=2942 ok=1
Cmd: disassembleShader
  api=10 insize=1736 outsize=2942 ok=1
Cmd: disassembleShader
  api=10 insize=1336 outsize=2260 ok=1
Cmd: disassembleShader
  api=10 insize=1352 outsize=2278 ok=1
Cmd: disassembleShader
  api=10 insize=1340 outsize=2237 ok=1
Cmd: disassembleShader
  api=10 insize=1380 outsize=2301 ok=1
Cmd: disassembleShader
  api=10 insize=1404 outsize=2386 ok=1
Cmd: disassembleShader
  api=10 insize=1484 outsize=2479 ok=1
Cmd: disassembleShader
  api=10 insize=1404 outsize=2386 ok=1
Cmd: disassembleShader
  api=10 insize=1276 outsize=2131 ok=1
Cmd: disassembleShader
  api=10 insize=1372 outsize=2356 ok=1
Cmd: disassembleShader
  api=10 insize=1520 outsize=2575 ok=1
Cmd: disassembleShader
  api=10 insize=1504 outsize=2520 ok=1
Cmd: disassembleShader
  api=10 insize=1440 outsize=2482 ok=1
Cmd: disassembleShader
  api=10 insize=1440 outsize=2482 ok=1
Cmd: disassembleShader
  api=17 insize=2906 outsize=4242 ok=1
Cmd: disassembleShader
  api=17 insize=3150 outsize=4604 ok=1
Cmd: disassembleShader
  api=17 insize=2802 outsize=4119 ok=1
Cmd: disassembleShader
  api=17 insize=2830 outsize=4154 ok=1
Cmd: disassembleShader
  api=17 insize=3242 outsize=4803 ok=1
Cmd: disassembleShader
  api=17 insize=3706 outsize=5439 ok=1
Cmd: disassembleShader
  api=17 insize=3714 outsize=5554 ok=1
Cmd: disassembleShader
  api=17 insize=2982 outsize=4297 ok=1
Cmd: disassembleShader
  api=17 insize=3302 outsize=4854 ok=1
Cmd: disassembleShader
  api=17 insize=3710 outsize=5493 ok=1
Cmd: disassembleShader
  api=17 insize=3262 outsize=4866 ok=1
Cmd: disassembleShader
  api=17 insize=3638 outsize=5415 ok=1
Cmd: disassembleShader
  api=17 insize=3926 outsize=5836 ok=1
Cmd: disassembleShader
  api=17 insize=3258 outsize=4763 ok=1
Cmd: disassembleShader
  api=17 insize=3502 outsize=5125 ok=1
Cmd: disassembleShader
  api=17 insize=3154 outsize=4640 ok=1
Cmd: disassembleShader
  api=17 insize=3182 outsize=4675 ok=1
Cmd: disassembleShader
  api=17 insize=3594 outsize=5324 ok=1
Cmd: disassembleShader
  api=17 insize=4058 outsize=5959 ok=1
Cmd: disassembleShader
  api=17 insize=4066 outsize=6075 ok=1
Cmd: disassembleShader
  api=17 insize=3334 outsize=4818 ok=1
Cmd: disassembleShader
  api=17 insize=3654 outsize=5375 ok=1
Cmd: disassembleShader
  api=17 insize=4062 outsize=6014 ok=1
Cmd: disassembleShader
  api=17 insize=3614 outsize=5387 ok=1
Cmd: disassembleShader
  api=17 insize=3990 outsize=5936 ok=1
Cmd: disassembleShader
  api=17 insize=4278 outsize=6357 ok=1
Cmd: disassembleShader
  api=17 insize=2970 outsize=4377 ok=1
Cmd: disassembleShader
  api=17 insize=3214 outsize=4739 ok=1
Cmd: disassembleShader
  api=17 insize=2866 outsize=4254 ok=1
Cmd: disassembleShader
  api=17 insize=2894 outsize=4289 ok=1
Cmd: disassembleShader
  api=17 insize=3306 outsize=4938 ok=1
Cmd: disassembleShader
  api=17 insize=3770 outsize=5573 ok=1
Cmd: disassembleShader
  api=17 insize=3778 outsize=5689 ok=1
Cmd: disassembleShader
  api=17 insize=3046 outsize=4432 ok=1
Cmd: disassembleShader
  api=17 insize=3366 outsize=4989 ok=1
Cmd: disassembleShader
  api=17 insize=3774 outsize=5628 ok=1
Cmd: disassembleShader
  api=17 insize=3326 outsize=5001 ok=1
Cmd: disassembleShader
  api=17 insize=3702 outsize=5550 ok=1
Cmd: disassembleShader
  api=17 insize=3990 outsize=5971 ok=1
Cmd: disassembleShader
  api=17 insize=3270 outsize=4782 ok=1
Cmd: disassembleShader
  api=17 insize=3514 outsize=5144 ok=1
Cmd: disassembleShader
  api=17 insize=3166 outsize=4659 ok=1
Cmd: disassembleShader
  api=17 insize=3194 outsize=4694 ok=1
Cmd: disassembleShader
  api=17 insize=3606 outsize=5343 ok=1
Cmd: disassembleShader
  api=17 insize=4070 outsize=5979 ok=1
Cmd: disassembleShader
  api=17 insize=4078 outsize=6094 ok=1
Cmd: disassembleShader
  api=17 insize=3346 outsize=4837 ok=1
Cmd: disassembleShader
  api=17 insize=3666 outsize=5394 ok=1
Cmd: disassembleShader
  api=17 insize=4074 outsize=6033 ok=1
Cmd: disassembleShader
  api=17 insize=3626 outsize=5406 ok=1
Cmd: disassembleShader
  api=17 insize=4002 outsize=5955 ok=1
Cmd: disassembleShader
  api=17 insize=4290 outsize=6376 ok=1
Cmd: disassembleShader
  api=17 insize=3622 outsize=5303 ok=1
Cmd: disassembleShader
  api=17 insize=3866 outsize=5665 ok=1
Cmd: disassembleShader
  api=17 insize=3518 outsize=5180 ok=1
Cmd: disassembleShader
  api=17 insize=3546 outsize=5215 ok=1
Cmd: disassembleShader
  api=17 insize=3958 outsize=5864 ok=1
Cmd: disassembleShader
  api=17 insize=4422 outsize=6499 ok=1
Cmd: disassembleShader
  api=17 insize=4430 outsize=6615 ok=1
Cmd: disassembleShader
  api=17 insize=3698 outsize=5358 ok=1
Cmd: disassembleShader
  api=17 insize=4018 outsize=5915 ok=1
Cmd: disassembleShader
  api=17 insize=4426 outsize=6554 ok=1
Cmd: disassembleShader
  api=17 insize=3978 outsize=5927 ok=1
Cmd: disassembleShader
  api=17 insize=4354 outsize=6476 ok=1
Cmd: disassembleShader
  api=17 insize=4642 outsize=6897 ok=1
Cmd: disassembleShader
  api=17 insize=3334 outsize=4917 ok=1
Cmd: disassembleShader
  api=17 insize=3578 outsize=5279 ok=1
Cmd: disassembleShader
  api=17 insize=3230 outsize=4794 ok=1
Cmd: disassembleShader
  api=17 insize=3258 outsize=4829 ok=1
Cmd: disassembleShader
  api=17 insize=3670 outsize=5478 ok=1
Cmd: disassembleShader
  api=17 insize=4134 outsize=6113 ok=1
Cmd: disassembleShader
  api=17 insize=4142 outsize=6229 ok=1
Cmd: disassembleShader
  api=17 insize=3410 outsize=4972 ok=1
Cmd: disassembleShader
  api=17 insize=3730 outsize=5529 ok=1
Cmd: disassembleShader
  api=17 insize=4138 outsize=6168 ok=1
Cmd: disassembleShader
  api=17 insize=3690 outsize=5541 ok=1
Cmd: disassembleShader
  api=17 insize=4066 outsize=6090 ok=1
Cmd: disassembleShader
  api=17 insize=4354 outsize=6511 ok=1
Cmd: disassembleShader
  api=15 insize=1542 outsize=2433 ok=1
Cmd: disassembleShader
  api=15 insize=686 outsize=1426 ok=1
Cmd: disassembleShader
  api=15 insize=686 outsize=1426 ok=1
Cmd: disassembleShader
  api=12 insize=276 outsize=516 ok=1
Cmd: disassembleShader
  api=17 insize=350 outsize=907 ok=1
Cmd: disassembleShader
  api=17 insize=350 outsize=907 ok=1
Cmd: disassembleShader
  api=15 insize=2514 outsize=4065 ok=1
Cmd: disassembleShader
  api=15 insize=1698 outsize=3034 ok=1
Cmd: disassembleShader
  api=15 insize=2514 outsize=4065 ok=1
Cmd: disassembleShader
  api=15 insize=2054 outsize=3510 ok=1
Cmd: disassembleShader
  api=15 insize=1538 outsize=2897 ok=1
Cmd: disassembleShader
  api=15 insize=2374 outsize=3954 ok=1
Cmd: disassembleShader
  api=15 insize=1538 outsize=2897 ok=1
Cmd: disassembleShader
  api=15 insize=1538 outsize=2897 ok=1
Cmd: disassembleShader
  api=15 insize=1914 outsize=3399 ok=1
Cmd: disassembleShader
  api=15 insize=2374 outsize=3954 ok=1
Cmd: disassembleShader
  api=15 insize=1914 outsize=3399 ok=1
Cmd: compileSnippet
  api=1 type=0 insize=1152 outsize=1532 kw=DYNAMICLIGHTMAP_ON _EMISSION _NORMALMAP _PARALLAXMAP pd=UNITY_ENABLE_REFLECTION_BUFFERS UNITY_PBS_USE_BRDF1 UNITY_SPECCUBE_BOX_PROJECTION UNITY_SPECCUBE_BLENDING SHADER_API_DESKTOP UNITY_COLORSPACE_GAMMA ok=1
Cmd: disassembleShader
  api=10 insize=1532 outsize=2553 ok=1
Cmd: disassembleShader
  api=15 insize=2054 outsize=3510 ok=1
Cmd: compileSnippet
  api=4 type=0 insize=1152 outsize=2514 kw=DIRLIGHTMAP_COMBINED _EMISSION _NORMALMAP _PARALLAXMAP pd=UNITY_ENABLE_REFLECTION_BUFFERS UNITY_PBS_USE_BRDF1 UNITY_SPECCUBE_BOX_PROJECTION UNITY_SPECCUBE_BLENDING SHADER_API_DESKTOP UNITY_COLORSPACE_GAMMA ok=1
Cmd: disassembleShader
  api=15 insize=2514 outsize=4065 ok=1
Cmd: compileSnippet
  api=4 type=0 insize=1152 outsize=2374 kw=DIRLIGHTMAP_COMBINED DYNAMICLIGHTMAP_ON _EMISSION _NORMALMAP _PARALLAXMAP pd=UNITY_ENABLE_REFLECTION_BUFFERS UNITY_PBS_USE_BRDF1 UNITY_SPECCUBE_BOX_PROJECTION UNITY_SPECCUBE_BLENDING SHADER_API_DESKTOP UNITY_COLORSPACE_GAMMA ok=1
Cmd: disassembleShader
  api=15 insize=2374 outsize=3954 ok=1
Cmd: compileSnippet
  api=4 type=0 insize=1152 outsize=2514 kw=DIRLIGHTMAP_SEPARATE _EMISSION _NORMALMAP _PARALLAXMAP pd=UNITY_ENABLE_REFLECTION_BUFFERS UNITY_PBS_USE_BRDF1 UNITY_SPECCUBE_BOX_PROJECTION UNITY_SPECCUBE_BLENDING SHADER_API_DESKTOP UNITY_COLORSPACE_GAMMA ok=1
Cmd: disassembleShader
  api=15 insize=2514 outsize=4065 ok=1
Cmd: compileSnippet
  api=4 type=0 insize=1152 outsize=2514 kw=_EMISSION UNITY_HDR_ON _NORMALMAP _PARALLAXMAP pd=UNITY_ENABLE_REFLECTION_BUFFERS UNITY_PBS_USE_BRDF1 UNITY_SPECCUBE_BOX_PROJECTION UNITY_SPECCUBE_BLENDING SHADER_API_DESKTOP UNITY_COLORSPACE_GAMMA ok=1
Cmd: disassembleShader
  api=15 insize=2514 outsize=4065 ok=1
Cmd: compileSnippet
  api=4 type=0 insize=1152 outsize=2374 kw=DYNAMICLIGHTMAP_ON _EMISSION UNITY_HDR_ON _NORMALMAP _PARALLAXMAP pd=UNITY_ENABLE_REFLECTION_BUFFERS UNITY_PBS_USE_BRDF1 UNITY_SPECCUBE_BOX_PROJECTION UNITY_SPECCUBE_BLENDING SHADER_API_DESKTOP UNITY_COLORSPACE_GAMMA ok=1
Cmd: disassembleShader
  api=15 insize=2374 outsize=3954 ok=1
Cmd: compileSnippet
  api=4 type=0 insize=1152 outsize=2514 kw=DIRLIGHTMAP_COMBINED _EMISSION UNITY_HDR_ON _NORMALMAP _PARALLAXMAP pd=UNITY_ENABLE_REFLECTION_BUFFERS UNITY_PBS_USE_BRDF1 UNITY_SPECCUBE_BOX_PROJECTION UNITY_SPECCUBE_BLENDING SHADER_API_DESKTOP UNITY_COLORSPACE_GAMMA ok=1
Cmd: disassembleShader
  api=15 insize=2514 outsize=4065 ok=1
Cmd: compileSnippet
  api=4 type=0 insize=1152 outsize=2374 kw=DIRLIGHTMAP_COMBINED DYNAMICLIGHTMAP_ON _EMISSION UNITY_HDR_ON _NORMALMAP _PARALLAXMAP pd=UNITY_ENABLE_REFLECTION_BUFFERS UNITY_PBS_USE_BRDF1 UNITY_SPECCUBE_BOX_PROJECTION UNITY_SPECCUBE_BLENDING SHADER_API_DESKTOP UNITY_COLORSPACE_GAMMA ok=1
Cmd: disassembleShader
  api=15 insize=2374 outsize=3954 ok=1
Cmd: compileSnippet
  api=1 type=0 insize=1152 outsize=1716 kw=DIRLIGHTMAP_SEPARATE _EMISSION UNITY_HDR_ON _NORMALMAP _PARALLAXMAP pd=UNITY_ENABLE_REFLECTION_BUFFERS UNITY_PBS_USE_BRDF1 UNITY_SPECCUBE_BOX_PROJECTION UNITY_SPECCUBE_BLENDING SHADER_API_DESKTOP UNITY_COLORSPACE_GAMMA ok=1
Cmd: disassembleShader
  api=10 insize=1716 outsize=2887 ok=1
Cmd: disassembleShader
  api=12 insize=1452 outsize=2547 ok=1
Cmd: disassembleShader
  api=12 insize=1232 outsize=2142 ok=1
Cmd: disassembleShader
  api=12 insize=1712 outsize=2962 ok=1
Cmd: disassembleShader
  api=12 insize=1552 outsize=2724 ok=1
Cmd: disassembleShader
  api=12 insize=1036 outsize=1842 ok=1
Cmd: disassembleShader
  api=12 insize=1364 outsize=2405 ok=1
Cmd: disassembleShader
  api=12 insize=1100 outsize=1909 ok=1
Cmd: disassembleShader
  api=12 insize=1168 outsize=2048 ok=1
Cmd: disassembleShader
  api=12 insize=1332 outsize=2369 ok=1
Cmd: disassembleShader
  api=12 insize=1624 outsize=2843 ok=1
Cmd: disassembleShader
  api=12 insize=1392 outsize=2423 ok=1
Cmd: disassembleShader
  api=12 insize=1464 outsize=2575 ok=1
Cmd: compileSnippet
  api=1 type=1 insize=1152 outsize=1756 kw=DYNAMICLIGHTMAP_ON _EMISSION _NORMALMAP _PARALLAXMAP pd=UNITY_ENABLE_REFLECTION_BUFFERS UNITY_PBS_USE_BRDF1 UNITY_SPECCUBE_BOX_PROJECTION UNITY_SPECCUBE_BLENDING SHADER_API_DESKTOP UNITY_COLORSPACE_GAMMA ok=1
Cmd: disassembleShader
  api=12 insize=1756 outsize=3049 ok=1
Cmd: compileSnippet
  api=1 type=1 insize=1152 outsize=1844 kw=DIRLIGHTMAP_COMBINED _EMISSION _NORMALMAP _PARALLAXMAP pd=UNITY_ENABLE_REFLECTION_BUFFERS UNITY_PBS_USE_BRDF1 UNITY_SPECCUBE_BOX_PROJECTION UNITY_SPECCUBE_BLENDING SHADER_API_DESKTOP UNITY_COLORSPACE_GAMMA ok=1
Cmd: disassembleShader
  api=12 insize=1844 outsize=3157 ok=1
Cmd: disassembleShader
  api=12 insize=1100 outsize=1947 ok=1
Cmd: disassembleShader
  api=17 insize=2466 outsize=4435 ok=1
Cmd: disassembleShader
  api=17 insize=2866 outsize=4978 ok=1
Cmd: disassembleShader
  api=17 insize=2530 outsize=4569 ok=1
Cmd: disassembleShader
  api=17 insize=2570 outsize=4620 ok=1
Cmd: disassembleShader
  api=17 insize=2854 outsize=5035 ok=1
Cmd: disassembleShader
  api=17 insize=3230 outsize=5518 ok=1
Cmd: disassembleShader
  api=17 insize=2918 outsize=5169 ok=1
Cmd: disassembleShader
  api=17 insize=2958 outsize=5220 ok=1
Cmd: disassembleShader
  api=17 insize=2442 outsize=4408 ok=1
Cmd: disassembleShader
  api=17 insize=2842 outsize=4951 ok=1
Cmd: disassembleShader
  api=17 insize=2506 outsize=4542 ok=1
Cmd: disassembleShader
  api=17 insize=2546 outsize=4593 ok=1
Cmd: disassembleShader
  api=17 insize=2830 outsize=5008 ok=1
Cmd: disassembleShader
  api=17 insize=3206 outsize=5491 ok=1
Cmd: disassembleShader
  api=17 insize=2894 outsize=5142 ok=1
Cmd: disassembleShader
  api=17 insize=2934 outsize=5193 ok=1
Cmd: compileSnippet
  api=4 type=1 insize=1152 outsize=3310 kw=_EMISSION UNITY_HDR_ON _NORMALMAP _PARALLAXMAP pd=UNITY_ENABLE_REFLECTION_BUFFERS UNITY_PBS_USE_BRDF1 UNITY_SPECCUBE_BOX_PROJECTION UNITY_SPECCUBE_BLENDING SHADER_API_DESKTOP UNITY_COLORSPACE_GAMMA ok=1
Cmd: disassembleShader
  api=17 insize=3310 outsize=5676 ok=1
Cmd: disassembleShader
  api=17 insize=2442 outsize=4408 ok=1
Cmd: disassembleShader
  api=17 insize=2842 outsize=4951 ok=1
Cmd: disassembleShader
  api=17 insize=2506 outsize=4542 ok=1
Cmd: disassembleShader
  api=17 insize=2546 outsize=4593 ok=1
Cmd: disassembleShader
  api=17 insize=2830 outsize=5008 ok=1
Cmd: disassembleShader
  api=17 insize=3206 outsize=5491 ok=1
Cmd: disassembleShader
  api=17 insize=2894 outsize=5142 ok=1
Cmd: disassembleShader
  api=17 insize=2934 outsize=5193 ok=1
Cmd: disassembleShader
  api=17 insize=1650 outsize=3228 ok=1
Cmd: disassembleShader
  api=17 insize=2050 outsize=3771 ok=1
Cmd: disassembleShader
  api=17 insize=1714 outsize=3362 ok=1
Cmd: disassembleShader
  api=17 insize=1754 outsize=3413 ok=1
Cmd: disassembleShader
  api=17 insize=2038 outsize=3828 ok=1
Cmd: disassembleShader
  api=17 insize=2414 outsize=4311 ok=1
Cmd: disassembleShader
  api=17 insize=2102 outsize=3962 ok=1
Cmd: disassembleShader
  api=17 insize=2142 outsize=4013 ok=1
Cmd: compileSnippet
  api=4 type=1 insize=1152 outsize=2518 kw=DIRLIGHTMAP_COMBINED DYNAMICLIGHTMAP_ON _EMISSION UNITY_HDR_ON _NORMALMAP _PARALLAXMAP pd=UNITY_ENABLE_REFLECTION_BUFFERS UNITY_PBS_USE_BRDF1 UNITY_SPECCUBE_BOX_PROJECTION UNITY_SPECCUBE_BLENDING SHADER_API_DESKTOP UNITY_COLORSPACE_GAMMA ok=1
Cmd: disassembleShader
  api=17 insize=2518 outsize=4496 ok=1
Cmd: compileSnippet
  api=4 type=1 insize=1152 outsize=3310 kw=DIRLIGHTMAP_SEPARATE _EMISSION UNITY_HDR_ON _NORMALMAP _PARALLAXMAP pd=UNITY_ENABLE_REFLECTION_BUFFERS UNITY_PBS_USE_BRDF1 UNITY_SPECCUBE_BOX_PROJECTION UNITY_SPECCUBE_BLENDING SHADER_API_DESKTOP UNITY_COLORSPACE_GAMMA ok=1
Cmd: disassembleShader
  api=17 insize=3310 outsize=5676 ok=1
Cmd: disassembleShader
  api=10 insize=888 outsize=1478 ok=1
Cmd: disassembleShader
  api=15 insize=1050 outsize=2026 ok=1
Cmd: disassembleShader
  api=17 insize=934 outsize=1757 ok=1
Cmd: disassembleShader
  api=14 insize=1594 outsize=3718 ok=1
Cmd: disassembleShader
  api=13 insize=3106 outsize=6181 ok=1
Cmd: disassembleShader
  api=10 insize=1244 outsize=2085 ok=1
Cmd: disassembleShader
  api=13 insize=4298 outsize=8037 ok=1
Cmd: disassembleShader
  api=15 insize=2994 outsize=4820 ok=1
Cmd: disassembleShader
  api=15 insize=2362 outsize=3934 ok=1
Cmd: disassembleShader
  api=9 insize=1744 outsize=2896 ok=1
Cmd: disassembleShader
  api=9 insize=2268 outsize=3731 ok=1
Cmd: disassembleShader
  api=15 insize=1614 outsize=3037 ok=1
Cmd: disassembleShader
  api=10 insize=1268 outsize=2127 ok=1
Cmd: disassembleShader
  api=13 insize=3106 outsize=6181 ok=1
Cmd: disassembleShader
  api=15 insize=2258 outsize=3835 ok=1
Cmd: disassembleShader
  api=15 insize=2818 outsize=4539 ok=1
Cmd: disassembleShader
  api=9 insize=2316 outsize=3739 ok=1
Cmd: disassembleShader
  api=9 insize=1628 outsize=2774 ok=1
Cmd: disassembleShader
  api=15 insize=1614 outsize=3037 ok=1
Cmd: disassembleShader
  api=15 insize=1770 outsize=3291 ok=1
Cmd: disassembleShader
  api=10 insize=1140 outsize=1938 ok=1
Cmd: disassembleShader
  api=10 insize=1268 outsize=2127 ok=1
Cmd: disassembleShader
  api=13 insize=3106 outsize=6181 ok=1
Cmd: disassembleShader
  api=15 insize=2258 outsize=3835 ok=1
Cmd: disassembleShader
  api=15 insize=2818 outsize=4539 ok=1
Cmd: disassembleShader
  api=9 insize=2316 outsize=3739 ok=1
Cmd: disassembleShader
  api=9 insize=1628 outsize=2774 ok=1
Cmd: disassembleShader
  api=15 insize=1614 outsize=3037 ok=1
Cmd: disassembleShader
  api=15 insize=1770 outsize=3291 ok=1
Cmd: disassembleShader
  api=10 insize=1140 outsize=1938 ok=1
Cmd: disassembleShader
  api=10 insize=1268 outsize=2127 ok=1
Cmd: disassembleShader
  api=13 insize=3634 outsize=7080 ok=1
Cmd: disassembleShader
  api=15 insize=2614 outsize=4311 ok=1
Cmd: disassembleShader
  api=15 insize=3174 outsize=5015 ok=1
Cmd: disassembleShader
  api=9 insize=2516 outsize=4228 ok=1
Cmd: disassembleShader
  api=9 insize=1828 outsize=3187 ok=1
Cmd: disassembleShader
  api=15 insize=1990 outsize=3539 ok=1
Cmd: disassembleShader
  api=15 insize=2146 outsize=3793 ok=1
Cmd: disassembleShader
  api=9 insize=2596 outsize=4373 ok=1
Cmd: disassembleShader
  api=9 insize=1736 outsize=2994 ok=1
Cmd: disassembleShader
  api=15 insize=1914 outsize=3399 ok=1
Cmd: disassembleShader
  api=15 insize=2090 outsize=3680 ok=1
Cmd: disassembleShader
  api=10 insize=1284 outsize=2179 ok=1
Cmd: disassembleShader
  api=10 insize=1424 outsize=2420 ok=1
Cmd: disassembleShader
  api=13 insize=3846 outsize=7484 ok=1
Cmd: disassembleShader
  api=15 insize=2874 outsize=4664 ok=1
Cmd: disassembleShader
  api=15 insize=3454 outsize=5395 ok=1
Cmd: disassembleShader
  api=9 insize=2596 outsize=4373 ok=1
Cmd: disassembleShader
  api=9 insize=1736 outsize=2994 ok=1
Cmd: disassembleShader
  api=15 insize=1914 outsize=3399 ok=1
Cmd: disassembleShader
  api=15 insize=2090 outsize=3680 ok=1
Cmd: disassembleShader
  api=10 insize=1284 outsize=2179 ok=1
Cmd: disassembleShader
  api=10 insize=1424 outsize=2420 ok=1
Cmd: disassembleShader
  api=13 insize=3846 outsize=7484 ok=1
Cmd: disassembleShader
  api=15 insize=2874 outsize=4664 ok=1
Cmd: disassembleShader
  api=15 insize=3454 outsize=5395 ok=1
Cmd: disassembleShader
  api=9 insize=2596 outsize=4373 ok=1
Cmd: disassembleShader
  api=17 insize=2042 outsize=3518 ok=1
Cmd: disassembleShader
  api=17 insize=2198 outsize=3826 ok=1
Cmd: disassembleShader
  api=17 insize=2190 outsize=3782 ok=1
Cmd: disassembleShader
  api=11 insize=1652 outsize=2771 ok=1
Cmd: disassembleShader
  api=11 insize=1500 outsize=2501 ok=1
Cmd: disassembleShader
  api=17 insize=5090 outsize=7260 ok=1
Cmd: disassembleShader
  api=17 insize=5242 outsize=7573 ok=1
Cmd: disassembleShader
  api=12 insize=3860 outsize=7034 ok=1
Cmd: disassembleShader
  api=12 insize=3972 outsize=7181 ok=1
Cmd: disassembleShader
  api=14 insize=3270 outsize=6820 ok=1
Cmd: disassembleShader
  api=17 insize=2302 outsize=4012 ok=1
Cmd: disassembleShader
  api=17 insize=2294 outsize=3968 ok=1
Cmd: disassembleShader
  api=11 insize=1784 outsize=2967 ok=1
Cmd: disassembleShader
  api=11 insize=1740 outsize=2901 ok=1
Cmd: disassembleShader
  api=17 insize=5406 outsize=7708 ok=1
Cmd: disassembleShader
  api=17 insize=5558 outsize=8024 ok=1
Cmd: disassembleShader
  api=12 insize=4076 outsize=7499 ok=1
Cmd: disassembleShader
  api=12 insize=4188 outsize=7598 ok=1
Cmd: disassembleShader
  api=14 insize=3674 outsize=7532 ok=1
Cmd: disassembleShader
  api=17 insize=2538 outsize=4406 ok=1
Cmd: disassembleShader
  api=17 insize=2530 outsize=4362 ok=1
Cmd: disassembleShader
  api=11 insize=1956 outsize=3197 ok=1
Cmd: disassembleShader
  api=11 insize=1872 outsize=3097 ok=1
Cmd: disassembleShader
  api=17 insize=5510 outsize=7893 ok=1
Cmd: disassembleShader
  api=17 insize=5662 outsize=8209 ok=1
Cmd: disassembleShader
  api=12 insize=4208 outsize=7714 ok=1
Cmd: disassembleShader
  api=12 insize=4320 outsize=7814 ok=1
Cmd: disassembleShader
  api=13 insize=2754 outsize=5576 ok=1
Cmd: disassembleShader
  api=9 insize=1160 outsize=1893 ok=1
Cmd: disassembleShader
  api=15 insize=1870 outsize=3229 ok=1
Cmd: disassembleShader
  api=13 insize=2666 outsize=5453 ok=1
Cmd: disassembleShader
  api=15 insize=1630 outsize=2949 ok=1
Cmd: disassembleShader
  api=15 insize=1942 outsize=3363 ok=1
Cmd: disassembleShader
  api=15 insize=2150 outsize=3609 ok=1
Cmd: disassembleShader
  api=13 insize=2374 outsize=5064 ok=1
Cmd: disassembleShader
  api=9 insize=1236 outsize=2097 ok=1
Cmd: disassembleShader
  api=15 insize=2074 outsize=3515 ok=1
Cmd: disassembleShader
  api=9 insize=1256 outsize=2033 ok=1
Cmd: disassembleShader
  api=9 insize=1292 outsize=2193 ok=1
Cmd: disassembleShader
  api=9 insize=1144 outsize=1870 ok=1
Cmd: disassembleShader
  api=15 insize=1454 outsize=2668 ok=1
Cmd: disassembleShader
  api=13 insize=2754 outsize=5565 ok=1
Cmd: disassembleShader
  api=9 insize=1136 outsize=1828 ok=1
Cmd: disassembleShader
  api=15 insize=2074 outsize=3569 ok=1
Cmd: disassembleShader
  api=15 insize=1970 outsize=3416 ok=1
Cmd: disassembleShader
  api=15 insize=1942 outsize=3363 ok=1
Cmd: disassembleShader
  api=9 insize=1140 outsize=1891 ok=1
Cmd: disassembleShader
  api=15 insize=2150 outsize=3614 ok=1
Cmd: disassembleShader
  api=13 insize=2966 outsize=5980 ok=1
Cmd: disassembleShader
  api=9 insize=1372 outsize=2297 ok=1
Cmd: disassembleShader
  api=9 insize=1344 outsize=2182 ok=1
Cmd: disassembleShader
  api=9 insize=1292 outsize=2193 ok=1
Cmd: disassembleShader
  api=13 insize=3250 outsize=6366 ok=1
Cmd: disassembleShader
  api=9 insize=1328 outsize=2237 ok=1
Cmd: disassembleShader
  api=15 insize=2250 outsize=3716 ok=1
Cmd: disassembleShader
  api=13 insize=3162 outsize=6243 ok=1
Cmd: disassembleShader
  api=15 insize=2010 outsize=3436 ok=1
Cmd: disassembleShader
  api=15 insize=2322 outsize=3850 ok=1
Cmd: disassembleShader
  api=15 insize=2530 outsize=4096 ok=1
Cmd: disassembleShader
  api=13 insize=2870 outsize=5854 ok=1
Cmd: disassembleShader
  api=9 insize=1404 outsize=2442 ok=1
Cmd: disassembleShader
  api=15 insize=2454 outsize=4002 ok=1
Cmd: disassembleShader
  api=9 insize=1424 outsize=2383 ok=1
Cmd: disassembleShader
  api=9 insize=1460 outsize=2544 ok=1
Cmd: disassembleShader
  api=9 insize=1312 outsize=2214 ok=1
Cmd: disassembleShader
  api=15 insize=1834 outsize=3155 ok=1
Cmd: disassembleShader
  api=13 insize=3250 outsize=6355 ok=1
Cmd: disassembleShader
  api=9 insize=1304 outsize=2172 ok=1
Cmd: disassembleShader
  api=15 insize=2454 outsize=4056 ok=1
Cmd: disassembleShader
  api=15 insize=2350 outsize=3903 ok=1
Cmd: disassembleShader
  api=15 insize=2322 outsize=3850 ok=1
Cmd: disassembleShader
  api=9 insize=1308 outsize=2230 ok=1
Cmd: disassembleShader
  api=15 insize=2530 outsize=4101 ok=1
Cmd: disassembleShader
  api=13 insize=3462 outsize=6770 ok=1
Cmd: disassembleShader
  api=9 insize=1540 outsize=2649 ok=1
Cmd: disassembleShader
  api=9 insize=1512 outsize=2538 ok=1
Cmd: disassembleShader
  api=9 insize=1460 outsize=2544 ok=1
Cmd: disassembleShader
  api=11 insize=892 outsize=1480 ok=1
Cmd: disassembleShader
  api=17 insize=1670 outsize=3046 ok=1
Cmd: disassembleShader
  api=14 insize=2294 outsize=5044 ok=1
Cmd: disassembleShader
  api=11 insize=1356 outsize=2171 ok=1
Cmd: disassembleShader
  api=11 insize=1108 outsize=1790 ok=1
Cmd: disassembleShader
  api=11 insize=1436 outsize=2301 ok=1
Cmd: disassembleShader
  api=14 insize=2266 outsize=4964 ok=1
Cmd: disassembleShader
  api=11 insize=1228 outsize=1987 ok=1
Cmd: disassembleShader
  api=17 insize=1602 outsize=3010 ok=1
Cmd: disassembleShader
  api=14 insize=2210 outsize=4884 ok=1
Cmd: disassembleShader
  api=17 insize=1510 outsize=2846 ok=1
Cmd: disassembleShader
  api=17 insize=1846 outsize=3406 ok=1
Cmd: disassembleShader
  api=17 insize=1490 outsize=2819 ok=1
Cmd: disassembleShader
  api=14 insize=2010 outsize=4471 ok=1
Cmd: disassembleShader
  api=11 insize=1172 outsize=1842 ok=1
Cmd: disassembleShader
  api=17 insize=1462 outsize=2785 ok=1
Cmd: disassembleShader
  api=11 insize=1064 outsize=1689 ok=1
Cmd: disassembleShader
  api=11 insize=1392 outsize=2199 ok=1
Cmd: disassembleShader
  api=11 insize=1116 outsize=1775 ok=1
Cmd: disassembleShader
  api=17 insize=1418 outsize=2673 ok=1
Cmd: disassembleShader
  api=14 insize=2710 outsize=5783 ok=1
Cmd: disassembleShader
  api=11 insize=1100 outsize=1752 ok=1
Cmd: disassembleShader
  api=17 insize=2074 outsize=3784 ok=1
Cmd: disassembleShader
  api=17 insize=1702 outsize=3246 ok=1
Cmd: disassembleShader
  api=17 insize=2002 outsize=3706 ok=1
Cmd: disassembleShader
  api=11 insize=1124 outsize=1850 ok=1
Cmd: disassembleShader
  api=17 insize=1926 outsize=3459 ok=1
Cmd: disassembleShader
  api=14 insize=2726 outsize=5862 ok=1
Cmd: disassembleShader
  api=11 insize=1600 outsize=2538 ok=1
Cmd: disassembleShader
  api=11 insize=1340 outsize=2160 ok=1
Cmd: disassembleShader
  api=11 insize=1668 outsize=2653 ok=1
Cmd: disassembleShader
  api=14 insize=2698 outsize=5782 ok=1
Cmd: disassembleShader
  api=11 insize=1472 outsize=2357 ok=1
Cmd: disassembleShader
  api=17 insize=1858 outsize=3423 ok=1
Cmd: disassembleShader
  api=14 insize=2654 outsize=5722 ok=1
Cmd: disassembleShader
  api=17 insize=1766 outsize=3259 ok=1
Cmd: disassembleShader
  api=17 insize=2102 outsize=3819 ok=1
Cmd: disassembleShader
  api=17 insize=1746 outsize=3232 ok=1
Cmd: disassembleShader
  api=14 insize=2454 outsize=5309 ok=1
Cmd: disassembleShader
  api=11 insize=1404 outsize=2231 ok=1
Cmd: disassembleShader
  api=17 insize=1718 outsize=3198 ok=1
Cmd: disassembleShader
  api=11 insize=1296 outsize=2081 ok=1
Cmd: disassembleShader
  api=11 insize=1636 outsize=2580 ok=1
Cmd: disassembleShader
  api=11 insize=1348 outsize=2164 ok=1
Cmd: disassembleShader
  api=17 insize=1674 outsize=3086 ok=1
Cmd: disassembleShader
  api=14 insize=3178 outsize=6674 ok=1
Cmd: disassembleShader
  api=11 insize=1332 outsize=2141 ok=1
Cmd: disassembleShader
  api=17 insize=2330 outsize=4197 ok=1
Cmd: disassembleShader
  api=17 insize=1958 outsize=3659 ok=1
Cmd: disassembleShader
  api=17 insize=2258 outsize=4119 ok=1
Cmd: disassembleShader
  api=9 insize=460 outsize=769 ok=1
Cmd: disassembleShader
  api=9 insize=460 outsize=769 ok=1
Cmd: disassembleShader
  api=11 insize=288 outsize=525 ok=1
Cmd: disassembleShader
  api=11 insize=288 outsize=525 ok=1
Cmd: disassembleShader
  api=13 insize=1610 outsize=3721 ok=1
Cmd: disassembleShader
  api=10 insize=888 outsize=1478 ok=1
Cmd: disassembleShader
  api=14 insize=1494 outsize=3468 ok=1
Cmd: disassembleShader
  api=12 insize=1328 outsize=2287 ok=1
