Base path: C:/Program Files/Unity/Editor/Data
Cmd: getPlatforms
Cmd: disassembleShader
  api=10 insize=1284 outsize=2179 ok=1
Cmd: disassembleShader
  api=15 insize=1874 outsize=3315 ok=1
Cmd: disassembleShader
  api=15 insize=2090 outsize=3680 ok=1
Cmd: disassembleShader
  api=15 insize=1538 outsize=2897 ok=1
Cmd: disassembleShader
  api=15 insize=2726 outsize=4499 ok=1
Cmd: disassembleShader
  api=15 insize=2090 outsize=3680 ok=1
Cmd: disassembleShader
  api=15 insize=1614 outsize=3037 ok=1
Cmd: disassembleShader
  api=15 insize=1930 outsize=3428 ok=1
Cmd: disassembleShader
  api=15 insize=2146 outsize=3793 ok=1
Cmd: disassembleShader
  api=15 insize=1614 outsize=3037 ok=1
Cmd: disassembleShader
  api=15 insize=2782 outsize=4612 ok=1
Cmd: disassembleShader
  api=15 insize=2146 outsize=3793 ok=1
Cmd: disassembleShader
  api=15 insize=2374 outsize=3954 ok=1
Cmd: disassembleShader
  api=15 insize=2690 outsize=4346 ok=1
Cmd: disassembleShader
  api=15 insize=2550 outsize=4235 ok=1
Cmd: disassembleShader
  api=15 insize=2374 outsize=3954 ok=1
Cmd: disassembleShader
  api=15 insize=3542 outsize=5530 ok=1
Cmd: disassembleShader
  api=15 insize=2550 outsize=4235 ok=1
Cmd: disassembleShader
  api=15 insize=2450 outsize=4094 ok=1
Cmd: disassembleShader
  api=15 insize=2746 outsize=4459 ok=1
Cmd: disassembleShader
  api=15 insize=2606 outsize=4348 ok=1
Cmd: disassembleShader
  api=15 insize=2450 outsize=4094 ok=1
Cmd: disassembleShader
  api=15 insize=3598 outsize=5643 ok=1
Cmd: disassembleShader
  api=15 insize=2606 outsize=4348 ok=1
Cmd: disassembleShader
  api=15 insize=1538 outsize=2897 ok=1
Cmd: disassembleShader
  api=15 insize=1874 outsize=3315 ok=1
Cmd: disassembleShader
  api=15 insize=2090 outsize=3680 ok=1
Cmd: disassembleShader
  api=15 insize=1538 outsize=2897 ok=1
Cmd: disassembleShader
  api=15 insize=2726 outsize=4499 ok=1
Cmd: disassembleShader
  api=15 insize=2090 outsize=3680 ok=1
Cmd: disassembleShader
  api=15 insize=1614 outsize=3037 ok=1
Cmd: disassembleShader
  api=15 insize=1930 outsize=3428 ok=1
Cmd: disassembleShader
  api=15 insize=2146 outsize=3793 ok=1
Cmd: disassembleShader
  api=15 insize=1614 outsize=3037 ok=1
Cmd: disassembleShader
  api=15 insize=2782 outsize=4612 ok=1
Cmd: disassembleShader
  api=15 insize=2146 outsize=3793 ok=1
Cmd: disassembleShader
  api=15 insize=1538 outsize=2897 ok=1
Cmd: disassembleShader
  api=15 insize=1874 outsize=3315 ok=1
Cmd: disassembleShader
  api=15 insize=2090 outsize=3680 ok=1
Cmd: disassembleShader
  api=15 insize=1538 outsize=2897 ok=1
Cmd: disassembleShader
  api=15 insize=2726 outsize=4499 ok=1
Cmd: disassembleShader
  api=15 insize=2090 outsize=3680 ok=1
Cmd: disassembleShader
  api=15 insize=1614 outsize=3037 ok=1
Cmd: disassembleShader
  api=15 insize=1930 outsize=3428 ok=1
Cmd: disassembleShader
  api=15 insize=2146 outsize=3793 ok=1
Cmd: disassembleShader
  api=15 insize=1614 outsize=3037 ok=1
Cmd: disassembleShader
  api=15 insize=2782 outsize=4612 ok=1
Cmd: disassembleShader
  api=15 insize=2146 outsize=3793 ok=1
Cmd: disassembleShader
  api=15 insize=1914 outsize=3399 ok=1
Cmd: disassembleShader
  api=15 insize=2230 outsize=3791 ok=1
Cmd: disassembleShader
  api=15 insize=2090 outsize=3680 ok=1
Cmd: disassembleShader
  api=15 insize=1914 outsize=3399 ok=1
Cmd: disassembleShader
  api=15 insize=3082 outsize=4975 ok=1
Cmd: disassembleShader
  api=15 insize=2090 outsize=3680 ok=1
Cmd: disassembleShader
  api=15 insize=1990 outsize=3539 ok=1
Cmd: disassembleShader
  api=15 insize=2286 outsize=3904 ok=1
Cmd: disassembleShader
  api=15 insize=2146 outsize=3793 ok=1
Cmd: disassembleShader
  api=15 insize=1990 outsize=3539 ok=1
Cmd: disassembleShader
  api=15 insize=3138 outsize=5088 ok=1
Cmd: disassembleShader
  api=15 insize=2146 outsize=3793 ok=1
Cmd: disassembleShader
  api=15 insize=2374 outsize=3954 ok=1
Cmd: disassembleShader
  api=15 insize=2690 outsize=4346 ok=1
Cmd: disassembleShader
  api=15 insize=2550 outsize=4235 ok=1
Cmd: disassembleShader
  api=15 insize=2374 outsize=3954 ok=1
Cmd: disassembleShader
  api=15 insize=3542 outsize=5530 ok=1
Cmd: disassembleShader
  api=15 insize=2550 outsize=4235 ok=1
Cmd: disassembleShader
  api=15 insize=2450 outsize=4094 ok=1
Cmd: disassembleShader
  api=15 insize=2746 outsize=4459 ok=1
Cmd: disassembleShader
  api=15 insize=2606 outsize=4348 ok=1
Cmd: disassembleShader
  api=15 insize=2450 outsize=4094 ok=1
Cmd: disassembleShader
  api=15 insize=3598 outsize=5643 ok=1
Cmd: disassembleShader
  api=15 insize=2606 outsize=4348 ok=1
Cmd: disassembleShader
  api=15 insize=1914 outsize=3399 ok=1
Cmd: disassembleShader
  api=15 insize=2230 outsize=3791 ok=1
Cmd: disassembleShader
  api=15 insize=2090 outsize=3680 ok=1
Cmd: disassembleShader
  api=15 insize=1914 outsize=3399 ok=1
Cmd: disassembleShader
  api=15 insize=3082 outsize=4975 ok=1
Cmd: disassembleShader
  api=15 insize=2090 outsize=3680 ok=1
Cmd: disassembleShader
  api=15 insize=1990 outsize=3539 ok=1
Cmd: disassembleShader
  api=15 insize=2286 outsize=3904 ok=1
Cmd: disassembleShader
  api=15 insize=2146 outsize=3793 ok=1
Cmd: disassembleShader
  api=15 insize=1990 outsize=3539 ok=1
Cmd: disassembleShader
  api=15 insize=3138 outsize=5088 ok=1
Cmd: disassembleShader
  api=15 insize=2146 outsize=3793 ok=1
Cmd: disassembleShader
  api=15 insize=1914 outsize=3399 ok=1
Cmd: disassembleShader
  api=15 insize=2230 outsize=3791 ok=1
Cmd: disassembleShader
  api=15 insize=2090 outsize=3680 ok=1
Cmd: disassembleShader
  api=15 insize=1914 outsize=3399 ok=1
Cmd: disassembleShader
  api=15 insize=3082 outsize=4975 ok=1
Cmd: disassembleShader
  api=15 insize=2090 outsize=3680 ok=1
Cmd: disassembleShader
  api=15 insize=1990 outsize=3539 ok=1
Cmd: disassembleShader
  api=15 insize=2286 outsize=3904 ok=1
Cmd: disassembleShader
  api=15 insize=2146 outsize=3793 ok=1
Cmd: disassembleShader
  api=15 insize=1990 outsize=3539 ok=1
Cmd: disassembleShader
  api=15 insize=3138 outsize=5088 ok=1
Cmd: disassembleShader
  api=15 insize=2146 outsize=3793 ok=1
Cmd: compileSnippet
  api=4 type=0 insize=1023 outsize=2374 kw=DIRECTIONAL DYNAMICLIGHTMAP_ON _EMISSION _NORMALMAP _PARALLAXMAP pd=UNITY_ENABLE_REFLECTION_BUFFERS UNITY_PBS_USE_BRDF1 UNITY_SPECCUBE_BOX_PROJECTION UNITY_SPECCUBE_BLENDING SHADER_API_DESKTOP UNITY_COLORSPACE_GAMMA ok=1
Cmd: disassembleShader
  api=15 insize=2374 outsize=3954 ok=1
Cmd: compileSnippet
  api=1 type=0 insize=1023 outsize=1672 kw=DIRECTIONAL SHADOWS_SCREEN DYNAMICLIGHTMAP_ON _EMISSION _NORMALMAP _PARALLAXMAP pd=UNITY_ENABLE_REFLECTION_BUFFERS UNITY_PBS_USE_BRDF1 UNITY_SPECCUBE_BOX_PROJECTION UNITY_SPECCUBE_BLENDING SHADER_API_DESKTOP UNITY_COLORSPACE_GAMMA ok=1
Cmd: disassembleShader
  api=10 insize=1672 outsize=2794 ok=1
Cmd: compileSnippet
  api=1 type=0 insize=1023 outsize=1672 kw=DIRECTIONAL SHADOWS_SCREEN DIRLIGHTMAP_COMBINED DYNAMICLIGHTMAP_ON _EMISSION _NORMALMAP _PARALLAXMAP pd=UNITY_ENABLE_REFLECTION_BUFFERS UNITY_PBS_USE_BRDF1 UNITY_SPECCUBE_BOX_PROJECTION UNITY_SPECCUBE_BLENDING SHADER_API_DESKTOP UNITY_COLORSPACE_GAMMA ok=1
Cmd: disassembleShader
  api=10 insize=1672 outsize=2794 ok=1
Cmd: compileSnippet
  api=4 type=0 insize=1023 outsize=3366 kw=DIRECTIONAL _EMISSION VERTEXLIGHT_ON _NORMALMAP _PARALLAXMAP pd=UNITY_ENABLE_REFLECTION_BUFFERS UNITY_PBS_USE_BRDF1 UNITY_SPECCUBE_BOX_PROJECTION UNITY_SPECCUBE_BLENDING SHADER_API_DESKTOP UNITY_COLORSPACE_GAMMA ok=1
Cmd: disassembleShader
  api=15 insize=3366 outsize=5249 ok=1
Cmd: compileSnippet
  api=1 type=0 insize=1023 outsize=1672 kw=DIRECTIONAL SHADOWS_SCREEN DYNAMICLIGHTMAP_ON _EMISSION VERTEXLIGHT_ON _NORMALMAP _PARALLAXMAP pd=UNITY_ENABLE_REFLECTION_BUFFERS UNITY_PBS_USE_BRDF1 UNITY_SPECCUBE_BOX_PROJECTION UNITY_SPECCUBE_BLENDING SHADER_API_DESKTOP UNITY_COLORSPACE_GAMMA ok=1
Cmd: disassembleShader
  api=10 insize=1672 outsize=2794 ok=1
Cmd: compileSnippet
  api=1 type=0 insize=1023 outsize=1672 kw=DIRECTIONAL SHADOWS_SCREEN DIRLIGHTMAP_COMBINED DYNAMICLIGHTMAP_ON _EMISSION VERTEXLIGHT_ON _NORMALMAP _PARALLAXMAP pd=UNITY_ENABLE_REFLECTION_BUFFERS UNITY_PBS_USE_BRDF1 UNITY_SPECCUBE_BOX_PROJECTION UNITY_SPECCUBE_BLENDING SHADER_API_DESKTOP UNITY_COLORSPACE_GAMMA ok=1
Cmd: disassembleShader
  api=10 insize=1672 outsize=2794 ok=1
Cmd: compileSnippet
  api=4 type=0 insize=1023 outsize=2450 kw=DIRECTIONAL DYNAMICLIGHTMAP_ON FOG_EXP2 _EMISSION _NORMALMAP _PARALLAXMAP pd=UNITY_ENABLE_REFLECTION_BUFFERS UNITY_PBS_USE_BRDF1 UNITY_SPECCUBE_BOX_PROJECTION UNITY_SPECCUBE_BLENDING SHADER_API_DESKTOP UNITY_COLORSPACE_GAMMA ok=1
Cmd: disassembleShader
  api=15 insize=2450 outsize=4094 ok=1
Cmd: compileSnippet
  api=4 type=0 insize=1023 outsize=2746 kw=DIRECTIONAL SHADOWS_SCREEN FOG_EXP2 _EMISSION _NORMALMAP _PARALLAXMAP pd=UNITY_ENABLE_REFLECTION_BUFFERS UNITY_PBS_USE_BRDF1 UNITY_SPECCUBE_BOX_PROJECTION UNITY_SPECCUBE_BLENDING SHADER_API_DESKTOP UNITY_COLORSPACE_GAMMA ok=1
Cmd: disassembleShader
  api=15 insize=2746 outsize=4459 ok=1
Cmd: compileSnippet
  api=4 type=0 insize=1023 outsize=2606 kw=DIRECTIONAL SHADOWS_SCREEN DIRLIGHTMAP_COMBINED DYNAMICLIGHTMAP_ON FOG_EXP2 _EMISSION _NORMALMAP _PARALLAXMAP pd=UNITY_ENABLE_REFLECTION_BUFFERS UNITY_PBS_USE_BRDF1 UNITY_SPECCUBE_BOX_PROJECTION UNITY_SPECCUBE_BLENDING SHADER_API_DESKTOP UNITY_COLORSPACE_GAMMA ok=1
Cmd: disassembleShader
  api=15 insize=2606 outsize=4348 ok=1
Cmd: compileSnippet
  api=4 type=0 insize=1023 outsize=2450 kw=DIRECTIONAL DYNAMICLIGHTMAP_ON FOG_EXP2 _EMISSION VERTEXLIGHT_ON _NORMALMAP _PARALLAXMAP pd=UNITY_ENABLE_REFLECTION_BUFFERS UNITY_PBS_USE_BRDF1 UNITY_SPECCUBE_BOX_PROJECTION UNITY_SPECCUBE_BLENDING SHADER_API_DESKTOP UNITY_COLORSPACE_GAMMA ok=1
Cmd: disassembleShader
  api=15 insize=2450 outsize=4094 ok=1
Cmd: compileSnippet
  api=4 type=0 insize=1023 outsize=3598 kw=DIRECTIONAL SHADOWS_SCREEN FOG_EXP2 _EMISSION VERTEXLIGHT_ON _NORMALMAP _PARALLAXMAP pd=UNITY_ENABLE_REFLECTION_BUFFERS UNITY_PBS_USE_BRDF1 UNITY_SPECCUBE_BOX_PROJECTION UNITY_SPECCUBE_BLENDING SHADER_API_DESKTOP UNITY_COLORSPACE_GAMMA ok=1
Cmd: disassembleShader
  api=15 insize=3598 outsize=5643 ok=1
Cmd: disassembleShader
  api=17 insize=5018 outsize=7108 ok=1
Cmd: disassembleShader
  api=12 insize=3800 outsize=6957 ok=1
Cmd: disassembleShader
  api=12 insize=3968 outsize=7199 ok=1
Cmd: disassembleShader
  api=12 insize=3792 outsize=7023 ok=1
Cmd: disassembleShader
  api=12 insize=3960 outsize=7257 ok=1
Cmd: disassembleShader
  api=12 insize=4128 outsize=7501 ok=1
Cmd: disassembleShader
  api=12 insize=3948 outsize=7149 ok=1
Cmd: disassembleShader
  api=12 insize=4140 outsize=7580 ok=1
Cmd: disassembleShader
  api=12 insize=4296 outsize=7784 ok=1
Cmd: disassembleShader
  api=12 insize=4108 outsize=7451 ok=1
Cmd: disassembleShader
  api=12 insize=4300 outsize=7880 ok=1
Cmd: disassembleShader
  api=12 insize=4456 outsize=8086 ok=1
Cmd: disassembleShader
  api=12 insize=3700 outsize=6732 ok=1
Cmd: disassembleShader
  api=12 insize=3868 outsize=7061 ok=1
Cmd: disassembleShader
  api=12 insize=4036 outsize=7239 ok=1
Cmd: disassembleShader
  api=12 insize=3860 outsize=7034 ok=1
Cmd: disassembleShader
  api=12 insize=4028 outsize=7361 ok=1
Cmd: disassembleShader
  api=12 insize=4196 outsize=7541 ok=1
Cmd: disassembleShader
  api=12 insize=3764 outsize=6936 ok=1
Cmd: disassembleShader
  api=12 insize=3932 outsize=7172 ok=1
Cmd: disassembleShader
  api=12 insize=4100 outsize=7415 ok=1
Cmd: disassembleShader
  api=12 insize=3924 outsize=7238 ok=1
Cmd: disassembleShader
  api=12 insize=4092 outsize=7472 ok=1
Cmd: disassembleShader
  api=12 insize=4260 outsize=7717 ok=1
Cmd: disassembleShader
  api=12 insize=3916 outsize=7197 ok=1
Cmd: disassembleShader
  api=12 insize=4108 outsize=7486 ok=1
Cmd: disassembleShader
  api=12 insize=4276 outsize=7697 ok=1
Cmd: disassembleShader
  api=12 insize=4076 outsize=7499 ok=1
Cmd: disassembleShader
  api=12 insize=4268 outsize=7786 ok=1
Cmd: disassembleShader
  api=12 insize=4436 outsize=7999 ok=1
Cmd: disassembleShader
  api=12 insize=4208 outsize=7662 ok=1
Cmd: disassembleShader
  api=12 insize=4400 outsize=8089 ok=1
Cmd: disassembleShader
  api=12 insize=4568 outsize=8275 ok=1
Cmd: disassembleShader
  api=12 insize=4368 outsize=7964 ok=1
Cmd: disassembleShader
  api=12 insize=4560 outsize=8389 ok=1
Cmd: disassembleShader
  api=12 insize=4728 outsize=8577 ok=1
Cmd: disassembleShader
  api=12 insize=3984 outsize=7248 ok=1
Cmd: disassembleShader
  api=12 insize=4176 outsize=7570 ok=1
Cmd: disassembleShader
  api=12 insize=4344 outsize=7756 ok=1
Cmd: disassembleShader
  api=12 insize=4144 outsize=7550 ok=1
Cmd: disassembleShader
  api=12 insize=4336 outsize=7870 ok=1
Cmd: disassembleShader
  api=12 insize=4504 outsize=8058 ok=1
Cmd: disassembleShader
  api=12 insize=4048 outsize=7412 ok=1
Cmd: disassembleShader
  api=12 insize=4240 outsize=7701 ok=1
Cmd: disassembleShader
  api=12 insize=4408 outsize=7912 ok=1
Cmd: disassembleShader
  api=12 insize=4208 outsize=7714 ok=1
Cmd: disassembleShader
  api=12 insize=4400 outsize=8001 ok=1
Cmd: disassembleShader
  api=12 insize=4568 outsize=8214 ok=1
Cmd: compileSnippet
  api=1 type=1 insize=1023 outsize=4340 kw=DIRECTIONAL DYNAMICLIGHTMAP_ON _EMISSION _NORMALMAP _PARALLAXMAP pd=UNITY_ENABLE_REFLECTION_BUFFERS UNITY_PBS_USE_BRDF1 UNITY_SPECCUBE_BOX_PROJECTION UNITY_SPECCUBE_BLENDING SHADER_API_DESKTOP UNITY_COLORSPACE_GAMMA ok=1
Cmd: disassembleShader
  api=12 insize=4340 outsize=7878 ok=1
Cmd: compileSnippet
  api=1 type=1 insize=1023 outsize=4532 kw=DIRECTIONAL SHADOWS_SCREEN _EMISSION _NORMALMAP _PARALLAXMAP pd=UNITY_ENABLE_REFLECTION_BUFFERS UNITY_PBS_USE_BRDF1 UNITY_SPECCUBE_BOX_PROJECTION UNITY_SPECCUBE_BLENDING SHADER_API_DESKTOP UNITY_COLORSPACE_GAMMA ok=1
Cmd: disassembleShader
  api=12 insize=4532 outsize=8305 ok=1
Cmd: compileSnippet
  api=1 type=1 insize=1023 outsize=4700 kw=DIRECTIONAL SHADOWS_SCREEN DIRLIGHTMAP_COMBINED DYNAMICLIGHTMAP_ON _EMISSION _NORMALMAP _PARALLAXMAP pd=UNITY_ENABLE_REFLECTION_BUFFERS UNITY_PBS_USE_BRDF1 UNITY_SPECCUBE_BOX_PROJECTION UNITY_SPECCUBE_BLENDING SHADER_API_DESKTOP UNITY_COLORSPACE_GAMMA ok=1
Cmd: disassembleShader
  api=12 insize=4700 outsize=8490 ok=1
Cmd: compileSnippet
  api=1 type=1 insize=1023 outsize=4748 kw=DIRECTIONAL DIRLIGHTMAP_COMBINED DYNAMICLIGHTMAP_ON FOG_EXP2 _EMISSION _NORMALMAP _PARALLAXMAP pd=UNITY_ENABLE_REFLECTION_BUFFERS UNITY_PBS_USE_BRDF1 UNITY_SPECCUBE_BOX_PROJECTION UNITY_SPECCUBE_BLENDING SHADER_API_DESKTOP UNITY_COLORSPACE_GAMMA ok=1
Cmd: disassembleShader
  api=12 insize=4748 outsize=8581 ok=1
Cmd: compileSnippet
  api=1 type=1 insize=1023 outsize=4612 kw=DIRECTIONAL SHADOWS_SCREEN DYNAMICLIGHTMAP_ON FOG_EXP2 _EMISSION _NORMALMAP _PARALLAXMAP pd=UNITY_ENABLE_REFLECTION_BUFFERS UNITY_PBS_USE_BRDF1 UNITY_SPECCUBE_BOX_PROJECTION UNITY_SPECCUBE_BLENDING SHADER_API_DESKTOP UNITY_COLORSPACE_GAMMA ok=1
Cmd: disassembleShader
  api=12 insize=4612 outsize=8391 ok=1
Cmd: disassembleShader
  api=15 insize=1718 outsize=3051 ok=1
Cmd: disassembleShader
  api=15 insize=1718 outsize=3051 ok=1
Cmd: disassembleShader
  api=15 insize=1922 outsize=3391 ok=1
Cmd: disassembleShader
  api=15 insize=1894 outsize=3327 ok=1
Cmd: disassembleShader
  api=15 insize=1790 outsize=3185 ok=1
Cmd: disassembleShader
  api=15 insize=1790 outsize=3185 ok=1
Cmd: disassembleShader
  api=15 insize=1794 outsize=3191 ok=1
Cmd: disassembleShader
  api=15 insize=1794 outsize=3196 ok=1
Cmd: disassembleShader
  api=15 insize=1794 outsize=3186 ok=1
Cmd: disassembleShader
  api=15 insize=1610 outsize=2973 ok=1
Cmd: disassembleShader
  api=15 insize=1866 outsize=3325 ok=1
Cmd: disassembleShader
  api=15 insize=1998 outsize=3531 ok=1
Cmd: disassembleShader
  api=15 insize=1866 outsize=3325 ok=1
Cmd: disassembleShader
  api=15 insize=2314 outsize=3778 ok=1
Cmd: disassembleShader
  api=15 insize=2654 outsize=4250 ok=1
Cmd: disassembleShader
  api=15 insize=2858 outsize=4590 ok=1
Cmd: disassembleShader
  api=15 insize=2830 outsize=4526 ok=1
Cmd: disassembleShader
  api=15 insize=2726 outsize=4384 ok=1
Cmd: disassembleShader
  api=15 insize=2726 outsize=4384 ok=1
Cmd: disassembleShader
  api=15 insize=2730 outsize=4390 ok=1
Cmd: disassembleShader
  api=15 insize=2730 outsize=4395 ok=1
Cmd: disassembleShader
  api=15 insize=2730 outsize=4385 ok=1
Cmd: disassembleShader
  api=15 insize=2546 outsize=4172 ok=1
Cmd: disassembleShader
  api=15 insize=2802 outsize=4524 ok=1
Cmd: disassembleShader
  api=15 insize=2934 outsize=4730 ok=1
Cmd: disassembleShader
  api=15 insize=2802 outsize=4524 ok=1
Cmd: disassembleShader
  api=15 insize=1378 outsize=2579 ok=1
Cmd: disassembleShader
  api=15 insize=1718 outsize=3051 ok=1
Cmd: disassembleShader
  api=15 insize=1922 outsize=3391 ok=1
Cmd: disassembleShader
  api=15 insize=1894 outsize=3327 ok=1
Cmd: disassembleShader
  api=15 insize=1790 outsize=3185 ok=1
Cmd: disassembleShader
  api=15 insize=1790 outsize=3185 ok=1
Cmd: disassembleShader
  api=15 insize=1794 outsize=3191 ok=1
Cmd: disassembleShader
  api=15 insize=1794 outsize=3196 ok=1
Cmd: disassembleShader
  api=15 insize=1794 outsize=3186 ok=1
Cmd: disassembleShader
  api=15 insize=1610 outsize=2973 ok=1
Cmd: disassembleShader
  api=15 insize=1866 outsize=3325 ok=1
Cmd: disassembleShader
  api=15 insize=1998 outsize=3531 ok=1
Cmd: disassembleShader
  api=15 insize=1866 outsize=3325 ok=1
Cmd: disassembleShader
  api=15 insize=1758 outsize=3066 ok=1
Cmd: disassembleShader
  api=15 insize=2098 outsize=3538 ok=1
Cmd: disassembleShader
  api=15 insize=2302 outsize=3878 ok=1
Cmd: disassembleShader
  api=15 insize=2274 outsize=3814 ok=1
Cmd: disassembleShader
  api=15 insize=2170 outsize=3672 ok=1
Cmd: disassembleShader
  api=15 insize=2170 outsize=3672 ok=1
Cmd: disassembleShader
  api=15 insize=2174 outsize=3678 ok=1
Cmd: disassembleShader
  api=15 insize=2174 outsize=3683 ok=1
Cmd: disassembleShader
  api=15 insize=2174 outsize=3673 ok=1
Cmd: disassembleShader
  api=15 insize=1990 outsize=3460 ok=1
Cmd: disassembleShader
  api=15 insize=2246 outsize=3812 ok=1
Cmd: disassembleShader
  api=15 insize=2378 outsize=4018 ok=1
Cmd: disassembleShader
  api=15 insize=2246 outsize=3812 ok=1
Cmd: disassembleShader
  api=15 insize=2314 outsize=3778 ok=1
Cmd: disassembleShader
  api=15 insize=2654 outsize=4250 ok=1
Cmd: disassembleShader
  api=15 insize=2858 outsize=4590 ok=1
Cmd: disassembleShader
  api=15 insize=2830 outsize=4526 ok=1
Cmd: disassembleShader
  api=15 insize=2726 outsize=4384 ok=1
Cmd: disassembleShader
  api=15 insize=2726 outsize=4384 ok=1
Cmd: disassembleShader
  api=15 insize=2730 outsize=4390 ok=1
Cmd: disassembleShader
  api=15 insize=2730 outsize=4395 ok=1
Cmd: disassembleShader
  api=15 insize=2730 outsize=4385 ok=1
Cmd: disassembleShader
  api=15 insize=2546 outsize=4172 ok=1
Cmd: disassembleShader
  api=15 insize=2802 outsize=4524 ok=1
Cmd: disassembleShader
  api=15 insize=2934 outsize=4730 ok=1
Cmd: disassembleShader
  api=15 insize=2802 outsize=4524 ok=1
Cmd: disassembleShader
  api=15 insize=1758 outsize=3066 ok=1
Cmd: disassembleShader
  api=15 insize=2098 outsize=3538 ok=1
Cmd: disassembleShader
  api=15 insize=2302 outsize=3878 ok=1
Cmd: disassembleShader
  api=15 insize=2274 outsize=3814 ok=1
Cmd: disassembleShader
  api=15 insize=2170 outsize=3672 ok=1
Cmd: disassembleShader
  api=15 insize=2170 outsize=3672 ok=1
Cmd: disassembleShader
  api=15 insize=2174 outsize=3678 ok=1
Cmd: disassembleShader
  api=15 insize=2174 outsize=3683 ok=1
Cmd: disassembleShader
  api=15 insize=2174 outsize=3673 ok=1
Cmd: disassembleShader
  api=15 insize=1990 outsize=3460 ok=1
Cmd: disassembleShader
  api=15 insize=2246 outsize=3812 ok=1
Cmd: disassembleShader
  api=15 insize=2378 outsize=4018 ok=1
Cmd: disassembleShader
  api=15 insize=2246 outsize=3812 ok=1
Cmd: disassembleShader
  api=17 insize=2678 outsize=3850 ok=1
Cmd: disassembleShader
  api=17 insize=2998 outsize=4407 ok=1
Cmd: disassembleShader
  api=17 insize=3406 outsize=5046 ok=1
Cmd: disassembleShader
  api=17 insize=2958 outsize=4419 ok=1
Cmd: disassembleShader
  api=17 insize=3334 outsize=4968 ok=1
Cmd: disassembleShader
  api=17 insize=3622 outsize=5389 ok=1
Cmd: disassembleShader
  api=17 insize=3210 outsize=4689 ok=1
Cmd: disassembleShader
  api=17 insize=3454 outsize=5051 ok=1
Cmd: disassembleShader
  api=17 insize=3106 outsize=4566 ok=1
Cmd: disassembleShader
  api=17 insize=3134 outsize=4601 ok=1
Cmd: disassembleShader
  api=17 insize=3546 outsize=5250 ok=1
Cmd: disassembleShader
  api=17 insize=4010 outsize=5886 ok=1
Cmd: disassembleShader
  api=17 insize=4018 outsize=6001 ok=1
Cmd: disassembleShader
  api=17 insize=3030 outsize=4371 ok=1
Cmd: disassembleShader
  api=17 insize=3350 outsize=4928 ok=1
Cmd: disassembleShader
  api=17 insize=3758 outsize=5567 ok=1
Cmd: disassembleShader
  api=17 insize=3310 outsize=4940 ok=1
Cmd: disassembleShader
  api=17 insize=3686 outsize=5489 ok=1
Cmd: disassembleShader
  api=17 insize=3974 outsize=5910 ok=1
Cmd: disassembleShader
  api=17 insize=3562 outsize=5210 ok=1
Cmd: disassembleShader
  api=17 insize=3806 outsize=5572 ok=1
Cmd: disassembleShader
  api=17 insize=3458 outsize=5087 ok=1
Cmd: disassembleShader
  api=17 insize=3486 outsize=5122 ok=1
Cmd: disassembleShader
  api=17 insize=3898 outsize=5771 ok=1
Cmd: disassembleShader
  api=17 insize=4362 outsize=6406 ok=1
Cmd: disassembleShader
  api=17 insize=4370 outsize=6522 ok=1
Cmd: disassembleShader
  api=17 insize=2742 outsize=3985 ok=1
Cmd: disassembleShader
  api=17 insize=3062 outsize=4542 ok=1
Cmd: disassembleShader
  api=17 insize=3470 outsize=5181 ok=1
Cmd: disassembleShader
  api=17 insize=3022 outsize=4554 ok=1
Cmd: disassembleShader
  api=17 insize=3398 outsize=5103 ok=1
Cmd: disassembleShader
  api=17 insize=3686 outsize=5524 ok=1
Cmd: disassembleShader
  api=17 insize=3274 outsize=4824 ok=1
Cmd: disassembleShader
  api=17 insize=3518 outsize=5186 ok=1
Cmd: disassembleShader
  api=17 insize=3170 outsize=4701 ok=1
Cmd: disassembleShader
  api=17 insize=3198 outsize=4736 ok=1
Cmd: disassembleShader
  api=17 insize=3610 outsize=5385 ok=1
Cmd: disassembleShader
  api=17 insize=4074 outsize=6020 ok=1
Cmd: disassembleShader
  api=17 insize=4082 outsize=6136 ok=1
Cmd: disassembleShader
  api=17 insize=3042 outsize=4390 ok=1
Cmd: disassembleShader
  api=17 insize=3362 outsize=4947 ok=1
Cmd: disassembleShader
  api=17 insize=3770 outsize=5586 ok=1
Cmd: disassembleShader
  api=17 insize=3322 outsize=4959 ok=1
Cmd: disassembleShader
  api=17 insize=3698 outsize=5508 ok=1
Cmd: disassembleShader
  api=17 insize=3986 outsize=5929 ok=1
Cmd: disassembleShader
  api=17 insize=3574 outsize=5229 ok=1
Cmd: disassembleShader
  api=17 insize=3818 outsize=5591 ok=1
Cmd: disassembleShader
  api=17 insize=3470 outsize=5106 ok=1
Cmd: disassembleShader
  api=17 insize=3498 outsize=5141 ok=1
Cmd: disassembleShader
  api=17 insize=3910 outsize=5790 ok=1
Cmd: disassembleShader
  api=17 insize=4374 outsize=6426 ok=1
Cmd: disassembleShader
  api=17 insize=4382 outsize=6541 ok=1
Cmd: disassembleShader
  api=17 insize=3394 outsize=4911 ok=1
Cmd: disassembleShader
  api=17 insize=3714 outsize=5468 ok=1
Cmd: disassembleShader
  api=17 insize=4122 outsize=6107 ok=1
Cmd: disassembleShader
  api=17 insize=3674 outsize=5480 ok=1
Cmd: disassembleShader
  api=17 insize=4050 outsize=6029 ok=1
Cmd: disassembleShader
  api=17 insize=4338 outsize=6450 ok=1
Cmd: disassembleShader
  api=17 insize=3926 outsize=5750 ok=1
Cmd: disassembleShader
  api=17 insize=4170 outsize=6112 ok=1
Cmd: disassembleShader
  api=17 insize=3822 outsize=5627 ok=1
Cmd: disassembleShader
  api=17 insize=3850 outsize=5662 ok=1
Cmd: disassembleShader
  api=17 insize=4262 outsize=6311 ok=1
Cmd: disassembleShader
  api=17 insize=4726 outsize=6946 ok=1
Cmd: disassembleShader
  api=17 insize=4734 outsize=7062 ok=1
Cmd: disassembleShader
  api=17 insize=3106 outsize=4525 ok=1
Cmd: disassembleShader
  api=17 insize=3426 outsize=5082 ok=1
Cmd: disassembleShader
  api=17 insize=3834 outsize=5721 ok=1
Cmd: disassembleShader
  api=17 insize=3386 outsize=5094 ok=1
Cmd: disassembleShader
  api=17 insize=3762 outsize=5643 ok=1
Cmd: disassembleShader
  api=17 insize=4050 outsize=6064 ok=1
Cmd: disassembleShader
  api=17 insize=3638 outsize=5364 ok=1
Cmd: disassembleShader
  api=17 insize=3882 outsize=5726 ok=1
Cmd: disassembleShader
  api=17 insize=3534 outsize=5241 ok=1
Cmd: disassembleShader
  api=17 insize=3562 outsize=5276 ok=1
Cmd: disassembleShader
  api=17 insize=3974 outsize=5925 ok=1
Cmd: disassembleShader
  api=17 insize=4438 outsize=6560 ok=1
Cmd: disassembleShader
  api=17 insize=4446 outsize=6676 ok=1
Cmd: disassembleShader
  api=15 insize=686 outsize=1426 ok=1
Cmd: disassembleShader
  api=15 insize=1542 outsize=2433 ok=1
Cmd: disassembleShader
  api=10 insize=1016 outsize=1718 ok=1
Cmd: disassembleShader
  api=17 insize=182 outsize=599 ok=1
Cmd: disassembleShader
  api=17 insize=182 outsize=599 ok=1
Cmd: disassembleShader
  api=17 insize=182 outsize=599 ok=1
Cmd: disassembleShader
  api=15 insize=1698 outsize=3034 ok=1
Cmd: disassembleShader
  api=15 insize=1698 outsize=3034 ok=1
Cmd: disassembleShader
  api=15 insize=2054 outsize=3510 ok=1
Cmd: disassembleShader
  api=15 insize=2054 outsize=3510 ok=1
Cmd: compileSnippet
  api=4 type=0 insize=1152 outsize=2514 kw=_EMISSION _NORMALMAP _PARALLAXMAP pd=UNITY_ENABLE_REFLECTION_BUFFERS UNITY_PBS_USE_BRDF1 UNITY_SPECCUBE_BOX_PROJECTION UNITY_SPECCUBE_BLENDING SHADER_API_DESKTOP UNITY_COLORSPACE_GAMMA ok=1
Cmd: disassembleShader
  api=15 insize=2514 outsize=4065 ok=1
Cmd: compileSnippet
  api=4 type=0 insize=1152 outsize=2374 kw=DYNAMICLIGHTMAP_ON _EMISSION _NORMALMAP _PARALLAXMAP pd=UNITY_ENABLE_REFLECTION_BUFFERS UNITY_PBS_USE_BRDF1 UNITY_SPECCUBE_BOX_PROJECTION UNITY_SPECCUBE_BLENDING SHADER_API_DESKTOP UNITY_COLORSPACE_GAMMA ok=1
Cmd: disassembleShader
  api=15 insize=2374 outsize=3954 ok=1
Cmd: compileSnippet
  api=1 type=0 insize=1152 outsize=1716 kw=DIRLIGHTMAP_COMBINED _EMISSION _NORMALMAP _PARALLAXMAP pd=UNITY_ENABLE_REFLECTION_BUFFERS UNITY_PBS_USE_BRDF1 UNITY_SPECCUBE_BOX_PROJECTION UNITY_SPECCUBE_BLENDING SHADER_API_DESKTOP UNITY_COLORSPACE_GAMMA ok=1
Cmd: disassembleShader
  api=10 insize=1716 outsize=2887 ok=1
Cmd: disassembleShader
  api=15 insize=1914 outsize=3399 ok=1
Cmd: disassembleShader
  api=15 insize=2054 outsize=3510 ok=1
Cmd: disassembleShader
  api=15 insize=2514 outsize=4065 ok=1
Cmd: disassembleShader
  api=15 insize=2054 outsize=3510 ok=1
Cmd: disassembleShader
  api=15 insize=2054 outsize=3510 ok=1
Cmd: disassembleShader
  api=15 insize=2054 outsize=3510 ok=1
Cmd: disassembleShader
  api=15 insize=2514 outsize=4065 ok=1
Cmd: disassembleShader
  api=15 insize=2054 outsize=3510 ok=1
Cmd: compileSnippet
  api=1 type=0 insize=1152 outsize=1716 kw=DIRLIGHTMAP_SEPARATE _EMISSION _NORMALMAP _PARALLAXMAP pd=UNITY_ENABLE_REFLECTION_BUFFERS UNITY_PBS_USE_BRDF1 UNITY_SPECCUBE_BOX_PROJECTION UNITY_SPECCUBE_BLENDING SHADER_API_DESKTOP UNITY_COLORSPACE_GAMMA ok=1
Cmd: disassembleShader
  api=10 insize=1716 outsize=2887 ok=1
Cmd: disassembleShader
  api=10 insize=1468 outsize=2513 ok=1
Cmd: disassembleShader
  api=10 insize=1104 outsize=1847 ok=1
Cmd: disassembleShader
  api=10 insize=1532 outsize=2553 ok=1
Cmd: disassembleShader
  api=10 insize=1104 outsize=1847 ok=1
Cmd: disassembleShader
  api=10 insize=1104 outsize=1847 ok=1
Cmd: disassembleShader
  api=10 insize=1284 outsize=2179 ok=1
Cmd: disassembleShader
  api=10 insize=1532 outsize=2553 ok=1
Cmd: disassembleShader
  api=10 insize=1284 outsize=2179 ok=1
Cmd: disassembleShader
  api=15 insize=1914 outsize=3399 ok=1
Cmd: disassembleShader
  api=15 insize=2054 outsize=3510 ok=1
Cmd: disassembleShader
  api=15 insize=2514 outsize=4065 ok=1
Cmd: disassembleShader
  api=15 insize=2054 outsize=3510 ok=1
Cmd: disassembleShader
  api=15 insize=2054 outsize=3510 ok=1
Cmd: disassembleShader
  api=15 insize=2054 outsize=3510 ok=1
Cmd: disassembleShader
  api=15 insize=2514 outsize=4065 ok=1
Cmd: disassembleShader
  api=15 insize=2054 outsize=3510 ok=1
Cmd: compileSnippet
  api=1 type=0 insize=1152 outsize=1716 kw=DIRLIGHTMAP_COMBINED _EMISSION UNITY_HDR_ON _NORMALMAP _PARALLAXMAP pd=UNITY_ENABLE_REFLECTION_BUFFERS UNITY_PBS_USE_BRDF1 UNITY_SPECCUBE_BOX_PROJECTION UNITY_SPECCUBE_BLENDING SHADER_API_DESKTOP UNITY_COLORSPACE_GAMMA ok=1
Cmd: disassembleShader
  api=10 insize=1716 outsize=2887 ok=1
Cmd: disassembleShader
  api=10 insize=1284 outsize=2179 ok=1
Cmd: disassembleShader
  api=10 insize=1468 outsize=2513 ok=1
Cmd: disassembleShader
  api=10 insize=1716 outsize=2887 ok=1
Cmd: disassembleShader
  api=10 insize=1468 outsize=2513 ok=1
Cmd: disassembleShader
  api=10 insize=1468 outsize=2513 ok=1
Cmd: disassembleShader
  api=10 insize=1468 outsize=2513 ok=1
Cmd: disassembleShader
  api=10 insize=1716 outsize=2887 ok=1
Cmd: disassembleShader
  api=10 insize=1468 outsize=2513 ok=1
Cmd: disassembleShader
  api=15 insize=2054 outsize=3510 ok=1
Cmd: disassembleShader
  api=17 insize=2466 outsize=4435 ok=1
Cmd: disassembleShader
  api=17 insize=2530 outsize=4569 ok=1
Cmd: disassembleShader
  api=17 insize=2854 outsize=5035 ok=1
Cmd: disassembleShader
  api=17 insize=2918 outsize=5169 ok=1
Cmd: compileSnippet
  api=4 type=1 insize=1152 outsize=3334 kw=_EMISSION _NORMALMAP _PARALLAXMAP pd=UNITY_ENABLE_REFLECTION_BUFFERS UNITY_PBS_USE_BRDF1 UNITY_SPECCUBE_BOX_PROJECTION UNITY_SPECCUBE_BLENDING SHADER_API_DESKTOP UNITY_COLORSPACE_GAMMA ok=1
Cmd: disassembleShader
  api=17 insize=3334 outsize=5703 ok=1
Cmd: disassembleShader
  api=17 insize=2466 outsize=4435 ok=1
Cmd: disassembleShader
  api=17 insize=2866 outsize=4978 ok=1
Cmd: disassembleShader
  api=17 insize=2530 outsize=4569 ok=1
Cmd: disassembleShader
  api=17 insize=2570 outsize=4620 ok=1
Cmd: disassembleShader
  api=17 insize=2854 outsize=5035 ok=1
Cmd: disassembleShader
  api=17 insize=3230 outsize=5518 ok=1
Cmd: disassembleShader
  api=17 insize=2918 outsize=5169 ok=1
Cmd: compileSnippet
  api=4 type=1 insize=1152 outsize=3334 kw=DIRLIGHTMAP_COMBINED _EMISSION _NORMALMAP _PARALLAXMAP pd=UNITY_ENABLE_REFLECTION_BUFFERS UNITY_PBS_USE_BRDF1 UNITY_SPECCUBE_BOX_PROJECTION UNITY_SPECCUBE_BLENDING SHADER_API_DESKTOP UNITY_COLORSPACE_GAMMA ok=1
Cmd: disassembleShader
  api=17 insize=3334 outsize=5703 ok=1
Cmd: disassembleShader
  api=12 insize=1452 outsize=2547 ok=1
Cmd: disassembleShader
  api=12 insize=1164 outsize=2014 ok=1
Cmd: disassembleShader
  api=12 insize=1232 outsize=2142 ok=1
Cmd: disassembleShader
  api=12 insize=1420 outsize=2529 ok=1
Cmd: disassembleShader
  api=12 insize=1712 outsize=2962 ok=1
Cmd: disassembleShader
  api=12 insize=1480 outsize=2540 ok=1
Cmd: disassembleShader
  api=12 insize=1552 outsize=2724 ok=1
Cmd: disassembleShader
  api=12 insize=1064 outsize=1876 ok=1
Cmd: disassembleShader
  api=12 insize=1416 outsize=2476 ok=1
Cmd: disassembleShader
  api=12 insize=1128 outsize=1943 ok=1
Cmd: disassembleShader
  api=12 insize=1196 outsize=2071 ok=1
Cmd: disassembleShader
  api=12 insize=1384 outsize=2458 ok=1
Cmd: disassembleShader
  api=12 insize=1676 outsize=2891 ok=1
Cmd: disassembleShader
  api=12 insize=1444 outsize=2469 ok=1
Cmd: disassembleShader
  api=12 insize=1516 outsize=2653 ok=1
Cmd: compileSnippet
  api=1 type=1 insize=1152 outsize=1808 kw=_EMISSION UNITY_HDR_ON _NORMALMAP _PARALLAXMAP pd=UNITY_ENABLE_REFLECTION_BUFFERS UNITY_PBS_USE_BRDF1 UNITY_SPECCUBE_BOX_PROJECTION UNITY_SPECCUBE_BLENDING SHADER_API_DESKTOP UNITY_COLORSPACE_GAMMA ok=1
Cmd: disassembleShader
  api=12 insize=1808 outsize=3086 ok=1
Cmd: compileSnippet
  api=1 type=1 insize=1152 outsize=1720 kw=DYNAMICLIGHTMAP_ON _EMISSION UNITY_HDR_ON _NORMALMAP _PARALLAXMAP pd=UNITY_ENABLE_REFLECTION_BUFFERS UNITY_PBS_USE_BRDF1 UNITY_SPECCUBE_BOX_PROJECTION UNITY_SPECCUBE_BLENDING SHADER_API_DESKTOP UNITY_COLORSPACE_GAMMA ok=1
Cmd: disassembleShader
  api=12 insize=1720 outsize=2978 ok=1
Cmd: compileSnippet
  api=4 type=1 insize=1152 outsize=3310 kw=DIRLIGHTMAP_COMBINED _EMISSION UNITY_HDR_ON _NORMALMAP _PARALLAXMAP pd=UNITY_ENABLE_REFLECTION_BUFFERS UNITY_PBS_USE_BRDF1 UNITY_SPECCUBE_BOX_PROJECTION UNITY_SPECCUBE_BLENDING SHADER_API_DESKTOP UNITY_COLORSPACE_GAMMA ok=1
Cmd: disassembleShader
  api=17 insize=3310 outsize=5676 ok=1
Cmd: disassembleShader
  api=12 insize=1416 outsize=2476 ok=1
Cmd: disassembleShader
  api=12 insize=1128 outsize=1943 ok=1
Cmd: disassembleShader
  api=12 insize=1196 outsize=2071 ok=1
Cmd: disassembleShader
  api=12 insize=1384 outsize=2458 ok=1
Cmd: disassembleShader
  api=12 insize=1676 outsize=2891 ok=1
Cmd: disassembleShader
  api=12 insize=1444 outsize=2469 ok=1
Cmd: disassembleShader
  api=12 insize=1516 outsize=2653 ok=1
Cmd: disassembleShader
  api=15 insize=1050 outsize=2026 ok=1
Cmd: disassembleShader
  api=15 insize=1050 outsize=2026 ok=1
Cmd: disassembleShader
  api=13 insize=1610 outsize=3721 ok=1
Cmd: disassembleShader
  api=12 insize=932 outsize=1579 ok=1
Cmd: disassembleShader
  api=17 insize=1462 outsize=2549 ok=1
Cmd: disassembleShader
  api=10 insize=1104 outsize=1847 ok=1
Cmd: disassembleShader
  api=15 insize=1538 outsize=2897 ok=1
Cmd: disassembleShader
  api=15 insize=1714 outsize=3178 ok=1
Cmd: disassembleShader
  api=10 insize=1104 outsize=1847 ok=1
Cmd: disassembleShader
  api=10 insize=1244 outsize=2085 ok=1
Cmd: disassembleShader
  api=13 insize=3318 outsize=6585 ok=1
Cmd: disassembleShader
  api=15 insize=2518 outsize=4188 ok=1
Cmd: disassembleShader
  api=15 insize=3098 outsize=4919 ok=1
Cmd: disassembleShader
  api=9 insize=2396 outsize=3877 ok=1
Cmd: disassembleShader
  api=9 insize=1536 outsize=2542 ok=1
Cmd: disassembleShader
  api=15 insize=1538 outsize=2897 ok=1
Cmd: disassembleShader
  api=15 insize=1714 outsize=3178 ok=1
Cmd: disassembleShader
  api=10 insize=1104 outsize=1847 ok=1
Cmd: disassembleShader
  api=10 insize=1244 outsize=2085 ok=1
Cmd: disassembleShader
  api=13 insize=3318 outsize=6585 ok=1
Cmd: disassembleShader
  api=15 insize=2518 outsize=4188 ok=1
Cmd: disassembleShader
  api=15 insize=3098 outsize=4919 ok=1
Cmd: disassembleShader
  api=9 insize=2396 outsize=3877 ok=1
Cmd: disassembleShader
  api=9 insize=1536 outsize=2542 ok=1
Cmd: disassembleShader
  api=15 insize=1538 outsize=2897 ok=1
Cmd: disassembleShader
  api=15 insize=1714 outsize=3178 ok=1
Cmd: disassembleShader
  api=10 insize=1104 outsize=1847 ok=1
Cmd: disassembleShader
  api=10 insize=1244 outsize=2085 ok=1
Cmd: disassembleShader
  api=13 insize=3318 outsize=6585 ok=1
Cmd: disassembleShader
  api=15 insize=2518 outsize=4188 ok=1
Cmd: disassembleShader
  api=15 insize=3098 outsize=4919 ok=1
Cmd: disassembleShader
  api=9 insize=2396 outsize=3877 ok=1
Cmd: disassembleShader
  api=9 insize=1736 outsize=2994 ok=1
Cmd: disassembleShader
  api=15 insize=1914 outsize=3399 ok=1
Cmd: disassembleShader
  api=10 insize=1424 outsize=2420 ok=1
Cmd: disassembleShader
  api=13 insize=4826 outsize=8911 ok=1
Cmd: disassembleShader
  api=15 insize=3350 outsize=5296 ok=1
Cmd: disassembleShader
  api=15 insize=2718 outsize=4410 ok=1
Cmd: disassembleShader
  api=9 insize=1944 outsize=3360 ok=1
Cmd: disassembleShader
  api=9 insize=2480 outsize=4199 ok=1
Cmd: disassembleShader
  api=15 insize=1990 outsize=3539 ok=1
Cmd: disassembleShader
  api=15 insize=2146 outsize=3793 ok=1
Cmd: disassembleShader
  api=10 insize=1284 outsize=2179 ok=1
Cmd: disassembleShader
  api=10 insize=1424 outsize=2420 ok=1
Cmd: disassembleShader
  api=13 insize=4826 outsize=8911 ok=1
Cmd: disassembleShader
  api=15 insize=3350 outsize=5296 ok=1
Cmd: disassembleShader
  api=15 insize=2718 outsize=4410 ok=1
Cmd: disassembleShader
  api=9 insize=1944 outsize=3360 ok=1
Cmd: disassembleShader
  api=9 insize=2480 outsize=4199 ok=1
Cmd: disassembleShader
  api=15 insize=1990 outsize=3539 ok=1
Cmd: disassembleShader
  api=15 insize=2146 outsize=3793 ok=1
Cmd: disassembleShader
  api=10 insize=1284 outsize=2179 ok=1
Cmd: disassembleShader
  api=10 insize=1424 outsize=2420 ok=1
Cmd: disassembleShader
  api=13 insize=4826 outsize=8911 ok=1
Cmd: disassembleShader
  api=15 insize=3350 outsize=5296 ok=1
Cmd: disassembleShader
  api=15 insize=2718 outsize=4410 ok=1
Cmd: disassembleShader
  api=9 insize=1944 outsize=3360 ok=1
Cmd: disassembleShader
  api=9 insize=2480 outsize=4199 ok=1
Cmd: disassembleShader
  api=15 insize=1990 outsize=3539 ok=1
Cmd: disassembleShader
  api=15 insize=2146 outsize=3793 ok=1
Cmd: disassembleShader
  api=12 insize=3632 outsize=6721 ok=1
Cmd: disassembleShader
  api=11 insize=1572 outsize=2638 ok=1
Cmd: disassembleShader
  api=11 insize=1540 outsize=2627 ok=1
Cmd: disassembleShader
  api=17 insize=5370 outsize=7608 ok=1
Cmd: disassembleShader
  api=17 insize=5522 outsize=7924 ok=1
Cmd: disassembleShader
  api=12 insize=3700 outsize=6732 ok=1
Cmd: disassembleShader
  api=12 insize=3812 outsize=6879 ok=1
Cmd: disassembleShader
  api=14 insize=3366 outsize=6974 ok=1
Cmd: disassembleShader
  api=17 insize=2406 outsize=4197 ok=1
Cmd: disassembleShader
  api=17 insize=2146 outsize=3704 ok=1
Cmd: disassembleShader
  api=11 insize=1704 outsize=2834 ok=1
Cmd: disassembleShader
  api=11 insize=1672 outsize=2823 ok=1
Cmd: disassembleShader
  api=17 insize=5474 outsize=7793 ok=1
Cmd: disassembleShader
  api=17 insize=5626 outsize=8109 ok=1
Cmd: disassembleShader
  api=12 insize=3916 outsize=7197 ok=1
Cmd: disassembleShader
  api=12 insize=4028 outsize=7296 ok=1
Cmd: disassembleShader
  api=14 insize=3810 outsize=7766 ok=1
Cmd: disassembleShader
  api=17 insize=2626 outsize=4563 ok=1
Cmd: disassembleShader
  api=17 insize=2382 outsize=4098 ok=1
Cmd: disassembleShader
  api=11 insize=1876 outsize=3067 ok=1
Cmd: disassembleShader
  api=11 insize=1844 outsize=3048 ok=1
Cmd: disassembleShader
  api=17 insize=5830 outsize=8360 ok=1
Cmd: disassembleShader
  api=17 insize=5982 outsize=8673 ok=1
Cmd: disassembleShader
  api=12 insize=4048 outsize=7412 ok=1
Cmd: disassembleShader
  api=12 insize=4160 outsize=7512 ok=1
Cmd: disassembleShader
  api=14 insize=3978 outsize=8152 ok=1
Cmd: disassembleShader
  api=17 insize=2730 outsize=4749 ok=1
Cmd: disassembleShader
  api=15 insize=1870 outsize=3229 ok=1
Cmd: disassembleShader
  api=13 insize=2162 outsize=4660 ok=1
Cmd: disassembleShader
  api=9 insize=1144 outsize=1870 ok=1
Cmd: disassembleShader
  api=15 insize=1794 outsize=3135 ok=1
Cmd: disassembleShader
  api=9 insize=1176 outsize=1895 ok=1
Cmd: disassembleShader
  api=9 insize=1200 outsize=1966 ok=1
Cmd: disassembleShader
  api=9 insize=1236 outsize=2097 ok=1
Cmd: disassembleShader
  api=15 insize=1734 outsize=3048 ok=1
Cmd: disassembleShader
  api=13 insize=2966 outsize=5969 ok=1
Cmd: disassembleShader
  api=9 insize=1228 outsize=2040 ok=1
Cmd: disassembleShader
  api=15 insize=2354 outsize=3949 ok=1
Cmd: disassembleShader
  api=15 insize=2230 outsize=3769 ok=1
Cmd: disassembleShader
  api=15 insize=2222 outsize=3743 ok=1
Cmd: disassembleShader
  api=9 insize=1048 outsize=1679 ok=1
Cmd: disassembleShader
  api=15 insize=1870 outsize=3234 ok=1
Cmd: disassembleShader
  api=13 insize=2754 outsize=5576 ok=1
Cmd: disassembleShader
  api=9 insize=1280 outsize=2070 ok=1
Cmd: disassembleShader
  api=9 insize=1264 outsize=2044 ok=1
Cmd: disassembleShader
  api=9 insize=1200 outsize=1966 ok=1
Cmd: disassembleShader
  api=13 insize=2966 outsize=5980 ok=1
Cmd: disassembleShader
  api=9 insize=1252 outsize=2120 ok=1
Cmd: disassembleShader
  api=15 insize=2150 outsize=3609 ok=1
Cmd: disassembleShader
  api=13 insize=2878 outsize=5857 ok=1
Cmd: disassembleShader
  api=15 insize=1890 outsize=3302 ok=1
Cmd: disassembleShader
  api=15 insize=2222 outsize=3743 ok=1
Cmd: disassembleShader
  api=15 insize=2250 outsize=3716 ok=1
Cmd: disassembleShader
  api=13 insize=2658 outsize=5450 ok=1
Cmd: disassembleShader
  api=9 insize=1312 outsize=2214 ok=1
Cmd: disassembleShader
  api=15 insize=2174 outsize=3622 ok=1
Cmd: disassembleShader
  api=9 insize=1344 outsize=2239 ok=1
Cmd: disassembleShader
  api=9 insize=1368 outsize=2316 ok=1
Cmd: disassembleShader
  api=9 insize=1404 outsize=2442 ok=1
Cmd: disassembleShader
  api=15 insize=2114 outsize=3535 ok=1
Cmd: disassembleShader
  api=13 insize=3462 outsize=6759 ok=1
Cmd: disassembleShader
  api=9 insize=1396 outsize=2395 ok=1
Cmd: disassembleShader
  api=15 insize=2734 outsize=4436 ok=1
Cmd: disassembleShader
  api=15 insize=2610 outsize=4256 ok=1
Cmd: disassembleShader
  api=15 insize=2602 outsize=4230 ok=1
Cmd: disassembleShader
  api=9 insize=1216 outsize=2017 ok=1
Cmd: disassembleShader
  api=15 insize=2250 outsize=3721 ok=1
Cmd: disassembleShader
  api=13 insize=3250 outsize=6366 ok=1
Cmd: disassembleShader
  api=9 insize=1448 outsize=2421 ok=1
Cmd: disassembleShader
  api=9 insize=1432 outsize=2394 ok=1
Cmd: disassembleShader
  api=9 insize=1368 outsize=2316 ok=1
Cmd: disassembleShader
  api=13 insize=3462 outsize=6770 ok=1
Cmd: disassembleShader
  api=9 insize=1420 outsize=2465 ok=1
Cmd: disassembleShader
  api=15 insize=2530 outsize=4096 ok=1
Cmd: disassembleShader
  api=13 insize=3374 outsize=6647 ok=1
Cmd: disassembleShader
  api=15 insize=2270 outsize=3789 ok=1
Cmd: disassembleShader
  api=15 insize=2602 outsize=4230 ok=1
Cmd: disassembleShader
  api=17 insize=1426 outsize=2684 ok=1
Cmd: disassembleShader
  api=14 insize=1910 outsize=4210 ok=1
Cmd: disassembleShader
  api=11 insize=1124 outsize=1819 ok=1
Cmd: disassembleShader
  api=17 insize=1398 outsize=2650 ok=1
Cmd: disassembleShader
  api=11 insize=1000 outsize=1647 ok=1
Cmd: disassembleShader
  api=11 insize=1340 outsize=2169 ok=1
Cmd: disassembleShader
  api=11 insize=1068 outsize=1752 ok=1
Cmd: disassembleShader
  api=17 insize=1354 outsize=2538 ok=1
Cmd: disassembleShader
  api=14 insize=2622 outsize=5585 ok=1
Cmd: disassembleShader
  api=11 insize=1040 outsize=1710 ok=1
Cmd: disassembleShader
  api=17 insize=2010 outsize=3649 ok=1
Cmd: disassembleShader
  api=17 insize=1638 outsize=3111 ok=1
Cmd: disassembleShader
  api=17 insize=1938 outsize=3571 ok=1
Cmd: disassembleShader
  api=11 insize=952 outsize=1557 ok=1
Cmd: disassembleShader
  api=17 insize=1734 outsize=3181 ok=1
Cmd: disassembleShader
  api=14 insize=2382 outsize=5245 ok=1
Cmd: disassembleShader
  api=11 insize=1420 outsize=2205 ok=1
Cmd: disassembleShader
  api=11 insize=1172 outsize=1832 ok=1
Cmd: disassembleShader
  api=11 insize=1488 outsize=2331 ok=1
Cmd: disassembleShader
  api=14 insize=2354 outsize=5165 ok=1
Cmd: disassembleShader
  api=11 insize=1276 outsize=2007 ok=1
Cmd: disassembleShader
  api=17 insize=1666 outsize=3145 ok=1
Cmd: disassembleShader
  api=14 insize=2310 outsize=5110 ok=1
Cmd: disassembleShader
  api=17 insize=1574 outsize=2981 ok=1
Cmd: disassembleShader
  api=17 insize=1910 outsize=3541 ok=1
Cmd: disassembleShader
  api=17 insize=1682 outsize=3097 ok=1
Cmd: disassembleShader
  api=14 insize=2354 outsize=5051 ok=1
Cmd: disassembleShader
  api=11 insize=1344 outsize=2172 ok=1
Cmd: disassembleShader
  api=17 insize=1654 outsize=3063 ok=1
Cmd: disassembleShader
  api=11 insize=1232 outsize=2017 ok=1
Cmd: disassembleShader
  api=11 insize=1572 outsize=2521 ok=1
Cmd: disassembleShader
  api=11 insize=1288 outsize=2105 ok=1
Cmd: disassembleShader
  api=17 insize=1610 outsize=2951 ok=1
Cmd: disassembleShader
  api=14 insize=3078 outsize=6426 ok=1
Cmd: disassembleShader
  api=11 insize=1272 outsize=2077 ok=1
Cmd: disassembleShader
  api=17 insize=2266 outsize=4062 ok=1
Cmd: disassembleShader
  api=17 insize=1894 outsize=3524 ok=1
Cmd: disassembleShader
  api=17 insize=2194 outsize=3984 ok=1
Cmd: disassembleShader
  api=11 insize=1184 outsize=1924 ok=1
Cmd: disassembleShader
  api=17 insize=1990 outsize=3594 ok=1
Cmd: disassembleShader
  api=14 insize=2826 outsize=6105 ok=1
Cmd: disassembleShader
  api=11 insize=1664 outsize=2597 ok=1
Cmd: disassembleShader
  api=11 insize=1404 outsize=2224 ok=1
Cmd: disassembleShader
  api=11 insize=1732 outsize=2712 ok=1
Cmd: disassembleShader
  api=14 insize=2798 outsize=6025 ok=1
Cmd: disassembleShader
  api=11 insize=1532 outsize=2421 ok=1
Cmd: disassembleShader
  api=17 insize=1922 outsize=3558 ok=1
Cmd: disassembleShader
  api=14 insize=2754 outsize=5970 ok=1
Cmd: disassembleShader
  api=17 insize=1830 outsize=3394 ok=1
Cmd: disassembleShader
  api=17 insize=2166 outsize=3954 ok=1
Cmd: disassembleShader
  api=15 insize=1542 outsize=2433 ok=1
Cmd: disassembleShader
  api=15 insize=1542 outsize=2433 ok=1
Cmd: disassembleShader
  api=17 insize=182 outsize=599 ok=1
Cmd: disassembleShader
  api=11 insize=140 outsize=175 ok=1
Cmd: disassembleShader
  api=15 insize=1050 outsize=2026 ok=1
Cmd: disassembleShader
  api=13 insize=1610 outsize=3721 ok=1
Cmd: disassembleShader
  api=17 insize=934 outsize=1757 ok=1
Cmd: disassembleShader
  api=14 insize=1594 outsize=3718 ok=1
